{"/Users/aasthasudan/roadmap-tracker/src/controllers/authController.js": {"path":"/Users/aasthasudan/roadmap-tracker/src/controllers/authController.js","statementMap":{"0":{"start":{"line":1,"column":12},"end":{"line":1,"column":35}},"1":{"start":{"line":2,"column":15},"end":{"line":2,"column":34}},"2":{"start":{"line":3,"column":14},"end":{"line":3,"column":30}},"3":{"start":{"line":4,"column":18},"end":{"line":4,"column":42}},"4":{"start":{"line":5,"column":19},"end":{"line":5,"column":50}},"5":{"start":{"line":6,"column":15},"end":{"line":6,"column":41}},"6":{"start":{"line":8,"column":15},"end":{"line":8,"column":39}},"7":{"start":{"line":10,"column":25},"end":{"line":10,"column":47}},"8":{"start":{"line":11,"column":29},"end":{"line":11,"column":55}},"9":{"start":{"line":12,"column":19},"end":{"line":12,"column":35}},"10":{"start":{"line":16,"column":4},"end":{"line":157,"column":5}},"11":{"start":{"line":17,"column":42},"end":{"line":17,"column":50}},"12":{"start":{"line":20,"column":8},"end":{"line":24,"column":9}},"13":{"start":{"line":21,"column":12},"end":{"line":23,"column":15}},"14":{"start":{"line":26,"column":8},"end":{"line":30,"column":9}},"15":{"start":{"line":27,"column":12},"end":{"line":29,"column":15}},"16":{"start":{"line":32,"column":26},"end":{"line":32,"column":37}},"17":{"start":{"line":34,"column":8},"end":{"line":38,"column":9}},"18":{"start":{"line":35,"column":12},"end":{"line":37,"column":15}},"19":{"start":{"line":41,"column":8},"end":{"line":45,"column":9}},"20":{"start":{"line":42,"column":12},"end":{"line":44,"column":15}},"21":{"start":{"line":47,"column":8},"end":{"line":51,"column":9}},"22":{"start":{"line":48,"column":12},"end":{"line":50,"column":15}},"23":{"start":{"line":53,"column":27},"end":{"line":53,"column":53}},"24":{"start":{"line":55,"column":8},"end":{"line":59,"column":9}},"25":{"start":{"line":56,"column":12},"end":{"line":58,"column":15}},"26":{"start":{"line":62,"column":8},"end":{"line":66,"column":9}},"27":{"start":{"line":63,"column":12},"end":{"line":65,"column":15}},"28":{"start":{"line":69,"column":8},"end":{"line":73,"column":9}},"29":{"start":{"line":70,"column":12},"end":{"line":72,"column":15}},"30":{"start":{"line":75,"column":8},"end":{"line":79,"column":9}},"31":{"start":{"line":76,"column":12},"end":{"line":78,"column":15}},"32":{"start":{"line":81,"column":8},"end":{"line":85,"column":9}},"33":{"start":{"line":82,"column":12},"end":{"line":84,"column":15}},"34":{"start":{"line":88,"column":29},"end":{"line":88,"column":76}},"35":{"start":{"line":88,"column":50},"end":{"line":88,"column":75}},"36":{"start":{"line":90,"column":8},"end":{"line":94,"column":9}},"37":{"start":{"line":91,"column":12},"end":{"line":93,"column":15}},"38":{"start":{"line":97,"column":31},"end":{"line":97,"column":62}},"39":{"start":{"line":100,"column":24},"end":{"line":106,"column":9}},"40":{"start":{"line":108,"column":8},"end":{"line":108,"column":28}},"41":{"start":{"line":111,"column":8},"end":{"line":141,"column":9}},"42":{"start":{"line":112,"column":12},"end":{"line":134,"column":14}},"43":{"start":{"line":136,"column":12},"end":{"line":136,"column":60}},"44":{"start":{"line":139,"column":12},"end":{"line":139,"column":32}},"45":{"start":{"line":140,"column":12},"end":{"line":140,"column":24}},"46":{"start":{"line":143,"column":8},"end":{"line":151,"column":11}},"47":{"start":{"line":153,"column":8},"end":{"line":156,"column":11}},"48":{"start":{"line":162,"column":4},"end":{"line":235,"column":5}},"49":{"start":{"line":163,"column":36},"end":{"line":163,"column":44}},"50":{"start":{"line":166,"column":8},"end":{"line":170,"column":9}},"51":{"start":{"line":167,"column":12},"end":{"line":169,"column":15}},"52":{"start":{"line":173,"column":8},"end":{"line":177,"column":9}},"53":{"start":{"line":174,"column":12},"end":{"line":176,"column":15}},"54":{"start":{"line":180,"column":27},"end":{"line":180,"column":53}},"55":{"start":{"line":182,"column":8},"end":{"line":186,"column":9}},"56":{"start":{"line":183,"column":12},"end":{"line":185,"column":15}},"57":{"start":{"line":188,"column":8},"end":{"line":192,"column":9}},"58":{"start":{"line":189,"column":12},"end":{"line":191,"column":15}},"59":{"start":{"line":195,"column":21},"end":{"line":195,"column":68}},"60":{"start":{"line":195,"column":42},"end":{"line":195,"column":67}},"61":{"start":{"line":197,"column":8},"end":{"line":201,"column":9}},"62":{"start":{"line":198,"column":12},"end":{"line":200,"column":15}},"63":{"start":{"line":204,"column":32},"end":{"line":204,"column":77}},"64":{"start":{"line":206,"column":8},"end":{"line":210,"column":9}},"65":{"start":{"line":207,"column":12},"end":{"line":209,"column":15}},"66":{"start":{"line":213,"column":22},"end":{"line":222,"column":9}},"67":{"start":{"line":224,"column":8},"end":{"line":224,"column":39}},"68":{"start":{"line":226,"column":8},"end":{"line":229,"column":11}},"69":{"start":{"line":231,"column":8},"end":{"line":234,"column":11}},"70":{"start":{"line":241,"column":8},"end":{"line":243,"column":37}},"71":{"start":{"line":245,"column":4},"end":{"line":245,"column":32}},"72":{"start":{"line":250,"column":17},"end":{"line":250,"column":31}},"73":{"start":{"line":252,"column":4},"end":{"line":256,"column":5}},"74":{"start":{"line":253,"column":8},"end":{"line":255,"column":11}},"75":{"start":{"line":258,"column":4},"end":{"line":356,"column":5}},"76":{"start":{"line":260,"column":30},"end":{"line":272,"column":9}},"77":{"start":{"line":274,"column":34},"end":{"line":274,"column":65}},"78":{"start":{"line":276,"column":8},"end":{"line":281,"column":9}},"79":{"start":{"line":277,"column":12},"end":{"line":280,"column":15}},"80":{"start":{"line":284,"column":35},"end":{"line":288,"column":10}},"81":{"start":{"line":290,"column":27},"end":{"line":290,"column":50}},"82":{"start":{"line":302,"column":27},"end":{"line":305,"column":9}},"83":{"start":{"line":304,"column":16},"end":{"line":304,"column":77}},"84":{"start":{"line":307,"column":8},"end":{"line":326,"column":9}},"85":{"start":{"line":309,"column":12},"end":{"line":320,"column":14}},"86":{"start":{"line":322,"column":12},"end":{"line":322,"column":37}},"87":{"start":{"line":325,"column":12},"end":{"line":325,"column":63}},"88":{"start":{"line":329,"column":25},"end":{"line":339,"column":9}},"89":{"start":{"line":341,"column":8},"end":{"line":350,"column":11}},"90":{"start":{"line":352,"column":8},"end":{"line":355,"column":11}},"91":{"start":{"line":361,"column":4},"end":{"line":364,"column":7}},"92":{"start":{"line":367,"column":0},"end":{"line":373,"column":2}}},"fnMap":{"0":{"name":"signup","decl":{"start":{"line":15,"column":15},"end":{"line":15,"column":21}},"loc":{"start":{"line":15,"column":32},"end":{"line":158,"column":1}},"line":15},"1":{"name":"(anonymous_1)","decl":{"start":{"line":88,"column":40},"end":{"line":88,"column":41}},"loc":{"start":{"line":88,"column":50},"end":{"line":88,"column":75}},"line":88},"2":{"name":"login","decl":{"start":{"line":161,"column":15},"end":{"line":161,"column":20}},"loc":{"start":{"line":161,"column":31},"end":{"line":236,"column":1}},"line":161},"3":{"name":"(anonymous_3)","decl":{"start":{"line":195,"column":32},"end":{"line":195,"column":33}},"loc":{"start":{"line":195,"column":42},"end":{"line":195,"column":67}},"line":195},"4":{"name":"githubAuthRedirect","decl":{"start":{"line":239,"column":9},"end":{"line":239,"column":27}},"loc":{"start":{"line":239,"column":38},"end":{"line":246,"column":1}},"line":239},"5":{"name":"githubCallback","decl":{"start":{"line":249,"column":15},"end":{"line":249,"column":29}},"loc":{"start":{"line":249,"column":40},"end":{"line":357,"column":1}},"line":249},"6":{"name":"(anonymous_6)","decl":{"start":{"line":303,"column":12},"end":{"line":303,"column":13}},"loc":{"start":{"line":304,"column":16},"end":{"line":304,"column":77}},"line":304},"7":{"name":"getProfile","decl":{"start":{"line":360,"column":9},"end":{"line":360,"column":19}},"loc":{"start":{"line":360,"column":30},"end":{"line":365,"column":1}},"line":360}},"branchMap":{"0":{"loc":{"start":{"line":20,"column":8},"end":{"line":24,"column":9}},"type":"if","locations":[{"start":{"line":20,"column":8},"end":{"line":24,"column":9}},{"start":{},"end":{}}],"line":20},"1":{"loc":{"start":{"line":26,"column":8},"end":{"line":30,"column":9}},"type":"if","locations":[{"start":{"line":26,"column":8},"end":{"line":30,"column":9}},{"start":{},"end":{}}],"line":26},"2":{"loc":{"start":{"line":34,"column":8},"end":{"line":38,"column":9}},"type":"if","locations":[{"start":{"line":34,"column":8},"end":{"line":38,"column":9}},{"start":{},"end":{}}],"line":34},"3":{"loc":{"start":{"line":41,"column":8},"end":{"line":45,"column":9}},"type":"if","locations":[{"start":{"line":41,"column":8},"end":{"line":45,"column":9}},{"start":{},"end":{}}],"line":41},"4":{"loc":{"start":{"line":47,"column":8},"end":{"line":51,"column":9}},"type":"if","locations":[{"start":{"line":47,"column":8},"end":{"line":51,"column":9}},{"start":{},"end":{}}],"line":47},"5":{"loc":{"start":{"line":55,"column":8},"end":{"line":59,"column":9}},"type":"if","locations":[{"start":{"line":55,"column":8},"end":{"line":59,"column":9}},{"start":{},"end":{}}],"line":55},"6":{"loc":{"start":{"line":62,"column":8},"end":{"line":66,"column":9}},"type":"if","locations":[{"start":{"line":62,"column":8},"end":{"line":66,"column":9}},{"start":{},"end":{}}],"line":62},"7":{"loc":{"start":{"line":62,"column":12},"end":{"line":62,"column":66}},"type":"binary-expr","locations":[{"start":{"line":62,"column":12},"end":{"line":62,"column":37}},{"start":{"line":62,"column":41},"end":{"line":62,"column":66}}],"line":62},"8":{"loc":{"start":{"line":69,"column":8},"end":{"line":73,"column":9}},"type":"if","locations":[{"start":{"line":69,"column":8},"end":{"line":73,"column":9}},{"start":{},"end":{}}],"line":69},"9":{"loc":{"start":{"line":75,"column":8},"end":{"line":79,"column":9}},"type":"if","locations":[{"start":{"line":75,"column":8},"end":{"line":79,"column":9}},{"start":{},"end":{}}],"line":75},"10":{"loc":{"start":{"line":81,"column":8},"end":{"line":85,"column":9}},"type":"if","locations":[{"start":{"line":81,"column":8},"end":{"line":85,"column":9}},{"start":{},"end":{}}],"line":81},"11":{"loc":{"start":{"line":90,"column":8},"end":{"line":94,"column":9}},"type":"if","locations":[{"start":{"line":90,"column":8},"end":{"line":94,"column":9}},{"start":{},"end":{}}],"line":90},"12":{"loc":{"start":{"line":166,"column":8},"end":{"line":170,"column":9}},"type":"if","locations":[{"start":{"line":166,"column":8},"end":{"line":170,"column":9}},{"start":{},"end":{}}],"line":166},"13":{"loc":{"start":{"line":166,"column":12},"end":{"line":166,"column":57}},"type":"binary-expr","locations":[{"start":{"line":166,"column":12},"end":{"line":166,"column":31}},{"start":{"line":166,"column":35},"end":{"line":166,"column":57}}],"line":166},"14":{"loc":{"start":{"line":173,"column":8},"end":{"line":177,"column":9}},"type":"if","locations":[{"start":{"line":173,"column":8},"end":{"line":177,"column":9}},{"start":{},"end":{}}],"line":173},"15":{"loc":{"start":{"line":173,"column":12},"end":{"line":173,"column":69}},"type":"binary-expr","locations":[{"start":{"line":173,"column":12},"end":{"line":173,"column":37}},{"start":{"line":173,"column":41},"end":{"line":173,"column":69}}],"line":173},"16":{"loc":{"start":{"line":182,"column":8},"end":{"line":186,"column":9}},"type":"if","locations":[{"start":{"line":182,"column":8},"end":{"line":186,"column":9}},{"start":{},"end":{}}],"line":182},"17":{"loc":{"start":{"line":188,"column":8},"end":{"line":192,"column":9}},"type":"if","locations":[{"start":{"line":188,"column":8},"end":{"line":192,"column":9}},{"start":{},"end":{}}],"line":188},"18":{"loc":{"start":{"line":197,"column":8},"end":{"line":201,"column":9}},"type":"if","locations":[{"start":{"line":197,"column":8},"end":{"line":201,"column":9}},{"start":{},"end":{}}],"line":197},"19":{"loc":{"start":{"line":206,"column":8},"end":{"line":210,"column":9}},"type":"if","locations":[{"start":{"line":206,"column":8},"end":{"line":210,"column":9}},{"start":{},"end":{}}],"line":206},"20":{"loc":{"start":{"line":252,"column":4},"end":{"line":256,"column":5}},"type":"if","locations":[{"start":{"line":252,"column":4},"end":{"line":256,"column":5}},{"start":{},"end":{}}],"line":252},"21":{"loc":{"start":{"line":276,"column":8},"end":{"line":281,"column":9}},"type":"if","locations":[{"start":{"line":276,"column":8},"end":{"line":281,"column":9}},{"start":{},"end":{}}],"line":276},"22":{"loc":{"start":{"line":304,"column":16},"end":{"line":304,"column":77}},"type":"binary-expr","locations":[{"start":{"line":304,"column":16},"end":{"line":304,"column":42}},{"start":{"line":304,"column":46},"end":{"line":304,"column":77}}],"line":304},"23":{"loc":{"start":{"line":307,"column":8},"end":{"line":326,"column":9}},"type":"if","locations":[{"start":{"line":307,"column":8},"end":{"line":326,"column":9}},{"start":{"line":323,"column":15},"end":{"line":326,"column":9}}],"line":307},"24":{"loc":{"start":{"line":311,"column":22},"end":{"line":311,"column":57}},"type":"binary-expr","locations":[{"start":{"line":311,"column":22},"end":{"line":311,"column":37}},{"start":{"line":311,"column":41},"end":{"line":311,"column":57}}],"line":311},"25":{"loc":{"start":{"line":354,"column":19},"end":{"line":354,"column":56}},"type":"binary-expr","locations":[{"start":{"line":354,"column":19},"end":{"line":354,"column":39}},{"start":{"line":354,"column":43},"end":{"line":354,"column":56}}],"line":354}},"s":{"0":1,"1":1,"2":1,"3":1,"4":1,"5":1,"6":1,"7":1,"8":1,"9":1,"10":0,"11":0,"12":0,"13":0,"14":0,"15":0,"16":0,"17":0,"18":0,"19":0,"20":0,"21":0,"22":0,"23":0,"24":0,"25":0,"26":0,"27":0,"28":0,"29":0,"30":0,"31":0,"32":0,"33":0,"34":0,"35":0,"36":0,"37":0,"38":0,"39":0,"40":0,"41":0,"42":0,"43":0,"44":0,"45":0,"46":0,"47":0,"48":0,"49":0,"50":0,"51":0,"52":0,"53":0,"54":0,"55":0,"56":0,"57":0,"58":0,"59":0,"60":0,"61":0,"62":0,"63":0,"64":0,"65":0,"66":0,"67":0,"68":0,"69":0,"70":0,"71":0,"72":0,"73":0,"74":0,"75":0,"76":0,"77":0,"78":0,"79":0,"80":0,"81":0,"82":0,"83":0,"84":0,"85":0,"86":0,"87":0,"88":0,"89":0,"90":0,"91":0,"92":1},"f":{"0":0,"1":0,"2":0,"3":0,"4":0,"5":0,"6":0,"7":0},"b":{"0":[0,0],"1":[0,0],"2":[0,0],"3":[0,0],"4":[0,0],"5":[0,0],"6":[0,0],"7":[0,0],"8":[0,0],"9":[0,0],"10":[0,0],"11":[0,0],"12":[0,0],"13":[0,0],"14":[0,0],"15":[0,0],"16":[0,0],"17":[0,0],"18":[0,0],"19":[0,0],"20":[0,0],"21":[0,0],"22":[0,0],"23":[0,0],"24":[0,0],"25":[0,0]},"_coverageSchema":"1a1c01bbd47fc00a2c39e90264f33305004495a9","hash":"d31addc57ff1c6e02e8929edc936bb05eb84487b"}
,"/Users/aasthasudan/roadmap-tracker/src/controllers/concurrencyController.js": {"path":"/Users/aasthasudan/roadmap-tracker/src/controllers/concurrencyController.js","statementMap":{"0":{"start":{"line":1,"column":19},"end":{"line":1,"column":44}},"1":{"start":{"line":2,"column":13},"end":{"line":2,"column":28}},"2":{"start":{"line":5,"column":18},"end":{"line":5,"column":28}},"3":{"start":{"line":7,"column":14},"end":{"line":7,"column":15}},"4":{"start":{"line":10,"column":4},"end":{"line":12,"column":5}},"5":{"start":{"line":10,"column":17},"end":{"line":10,"column":18}},"6":{"start":{"line":11,"column":8},"end":{"line":11,"column":17}},"7":{"start":{"line":14,"column":22},"end":{"line":14,"column":40}},"8":{"start":{"line":16,"column":4},"end":{"line":19,"column":7}},"9":{"start":{"line":24,"column":19},"end":{"line":26,"column":5}},"10":{"start":{"line":28,"column":4},"end":{"line":30,"column":7}},"11":{"start":{"line":29,"column":8},"end":{"line":29,"column":25}},"12":{"start":{"line":32,"column":4},"end":{"line":36,"column":7}},"13":{"start":{"line":33,"column":8},"end":{"line":35,"column":11}},"14":{"start":{"line":39,"column":0},"end":{"line":42,"column":2}}},"fnMap":{"0":{"name":"blockingTask","decl":{"start":{"line":4,"column":9},"end":{"line":4,"column":21}},"loc":{"start":{"line":4,"column":32},"end":{"line":20,"column":1}},"line":4},"1":{"name":"workerTask","decl":{"start":{"line":22,"column":9},"end":{"line":22,"column":19}},"loc":{"start":{"line":22,"column":30},"end":{"line":37,"column":1}},"line":22},"2":{"name":"(anonymous_2)","decl":{"start":{"line":28,"column":25},"end":{"line":28,"column":26}},"loc":{"start":{"line":28,"column":37},"end":{"line":30,"column":5}},"line":28},"3":{"name":"(anonymous_3)","decl":{"start":{"line":32,"column":23},"end":{"line":32,"column":24}},"loc":{"start":{"line":32,"column":32},"end":{"line":36,"column":5}},"line":32}},"branchMap":{},"s":{"0":1,"1":1,"2":0,"3":0,"4":0,"5":0,"6":0,"7":0,"8":0,"9":0,"10":0,"11":0,"12":0,"13":0,"14":1},"f":{"0":0,"1":0,"2":0,"3":0},"b":{},"_coverageSchema":"1a1c01bbd47fc00a2c39e90264f33305004495a9","hash":"9f91004d83c49a30a7380f404944ad99c1ca35b1"}
,"/Users/aasthasudan/roadmap-tracker/src/controllers/emailController.js": {"path":"/Users/aasthasudan/roadmap-tracker/src/controllers/emailController.js","statementMap":{"0":{"start":{"line":1,"column":21},"end":{"line":1,"column":56}},"1":{"start":{"line":2,"column":15},"end":{"line":2,"column":39}},"2":{"start":{"line":5,"column":4},"end":{"line":21,"column":5}},"3":{"start":{"line":7,"column":21},"end":{"line":10,"column":9}},"4":{"start":{"line":12,"column":8},"end":{"line":17,"column":11}},"5":{"start":{"line":20,"column":8},"end":{"line":20,"column":20}},"6":{"start":{"line":25,"column":4},"end":{"line":42,"column":5}},"7":{"start":{"line":27,"column":21},"end":{"line":31,"column":9}},"8":{"start":{"line":33,"column":8},"end":{"line":38,"column":11}},"9":{"start":{"line":41,"column":8},"end":{"line":41,"column":20}},"10":{"start":{"line":45,"column":0},"end":{"line":48,"column":2}}},"fnMap":{"0":{"name":"sendTestEmail","decl":{"start":{"line":4,"column":15},"end":{"line":4,"column":28}},"loc":{"start":{"line":4,"column":45},"end":{"line":22,"column":1}},"line":4},"1":{"name":"sendTopicEmail","decl":{"start":{"line":24,"column":15},"end":{"line":24,"column":29}},"loc":{"start":{"line":24,"column":46},"end":{"line":43,"column":1}},"line":24}},"branchMap":{},"s":{"0":1,"1":1,"2":0,"3":0,"4":0,"5":0,"6":0,"7":0,"8":0,"9":0,"10":1},"f":{"0":0,"1":0},"b":{},"_coverageSchema":"1a1c01bbd47fc00a2c39e90264f33305004495a9","hash":"a7ad97761e65facf12365fe5d28f7d616d212d8b"}
,"/Users/aasthasudan/roadmap-tracker/src/controllers/fsController.js": {"path":"/Users/aasthasudan/roadmap-tracker/src/controllers/fsController.js","statementMap":{"0":{"start":{"line":1,"column":11},"end":{"line":1,"column":24}},"1":{"start":{"line":2,"column":13},"end":{"line":2,"column":28}},"2":{"start":{"line":6,"column":18},"end":{"line":6,"column":28}},"3":{"start":{"line":8,"column":4},"end":{"line":12,"column":5}},"4":{"start":{"line":8,"column":17},"end":{"line":8,"column":18}},"5":{"start":{"line":9,"column":8},"end":{"line":11,"column":10}},"6":{"start":{"line":14,"column":4},"end":{"line":17,"column":7}},"7":{"start":{"line":22,"column":18},"end":{"line":22,"column":28}},"8":{"start":{"line":24,"column":18},"end":{"line":24,"column":20}},"9":{"start":{"line":26,"column":4},"end":{"line":32,"column":5}},"10":{"start":{"line":26,"column":17},"end":{"line":26,"column":18}},"11":{"start":{"line":27,"column":8},"end":{"line":31,"column":10}},"12":{"start":{"line":34,"column":4},"end":{"line":34,"column":29}},"13":{"start":{"line":36,"column":4},"end":{"line":39,"column":7}},"14":{"start":{"line":42,"column":0},"end":{"line":45,"column":2}}},"fnMap":{"0":{"name":"syncRead","decl":{"start":{"line":4,"column":15},"end":{"line":4,"column":23}},"loc":{"start":{"line":4,"column":34},"end":{"line":18,"column":1}},"line":4},"1":{"name":"asyncRead","decl":{"start":{"line":20,"column":15},"end":{"line":20,"column":24}},"loc":{"start":{"line":20,"column":35},"end":{"line":40,"column":1}},"line":20}},"branchMap":{},"s":{"0":1,"1":1,"2":0,"3":0,"4":0,"5":0,"6":0,"7":0,"8":0,"9":0,"10":0,"11":0,"12":0,"13":0,"14":1},"f":{"0":0,"1":0},"b":{},"_coverageSchema":"1a1c01bbd47fc00a2c39e90264f33305004495a9","hash":"afa629d6169211669cb6132228b8a65603519aa5"}
,"/Users/aasthasudan/roadmap-tracker/src/controllers/githubController.js": {"path":"/Users/aasthasudan/roadmap-tracker/src/controllers/githubController.js","statementMap":{"0":{"start":{"line":1,"column":14},"end":{"line":1,"column":30}},"1":{"start":{"line":8,"column":21},"end":{"line":8,"column":39}},"2":{"start":{"line":10,"column":4},"end":{"line":14,"column":5}},"3":{"start":{"line":11,"column":8},"end":{"line":13,"column":11}},"4":{"start":{"line":16,"column":4},"end":{"line":50,"column":5}},"5":{"start":{"line":17,"column":31},"end":{"line":19,"column":9}},"6":{"start":{"line":23,"column":22},"end":{"line":30,"column":11}},"7":{"start":{"line":23,"column":57},"end":{"line":30,"column":9}},"8":{"start":{"line":32,"column":8},"end":{"line":37,"column":11}},"9":{"start":{"line":40,"column":8},"end":{"line":44,"column":9}},"10":{"start":{"line":41,"column":12},"end":{"line":43,"column":15}},"11":{"start":{"line":46,"column":8},"end":{"line":49,"column":11}},"12":{"start":{"line":53,"column":0},"end":{"line":55,"column":2}}},"fnMap":{"0":{"name":"getGithubRepos","decl":{"start":{"line":7,"column":15},"end":{"line":7,"column":29}},"loc":{"start":{"line":7,"column":40},"end":{"line":51,"column":1}},"line":7},"1":{"name":"(anonymous_1)","decl":{"start":{"line":23,"column":46},"end":{"line":23,"column":47}},"loc":{"start":{"line":23,"column":57},"end":{"line":30,"column":9}},"line":23}},"branchMap":{"0":{"loc":{"start":{"line":10,"column":4},"end":{"line":14,"column":5}},"type":"if","locations":[{"start":{"line":10,"column":4},"end":{"line":14,"column":5}},{"start":{},"end":{}}],"line":10},"1":{"loc":{"start":{"line":40,"column":8},"end":{"line":44,"column":9}},"type":"if","locations":[{"start":{"line":40,"column":8},"end":{"line":44,"column":9}},{"start":{},"end":{}}],"line":40},"2":{"loc":{"start":{"line":48,"column":19},"end":{"line":48,"column":56}},"type":"binary-expr","locations":[{"start":{"line":48,"column":19},"end":{"line":48,"column":39}},{"start":{"line":48,"column":43},"end":{"line":48,"column":56}}],"line":48}},"s":{"0":1,"1":0,"2":0,"3":0,"4":0,"5":0,"6":0,"7":0,"8":0,"9":0,"10":0,"11":0,"12":1},"f":{"0":0,"1":0},"b":{"0":[0,0],"1":[0,0],"2":[0,0]},"_coverageSchema":"1a1c01bbd47fc00a2c39e90264f33305004495a9","hash":"886654f572b07fd0e6044a0178a6742e9933239e"}
,"/Users/aasthasudan/roadmap-tracker/src/controllers/healthController.js": {"path":"/Users/aasthasudan/roadmap-tracker/src/controllers/healthController.js","statementMap":{"0":{"start":{"line":1,"column":15},"end":{"line":1,"column":42}},"1":{"start":{"line":2,"column":22},"end":{"line":2,"column":56}},"2":{"start":{"line":3,"column":20},"end":{"line":3,"column":46}},"3":{"start":{"line":6,"column":4},"end":{"line":6,"column":54}},"4":{"start":{"line":10,"column":4},"end":{"line":16,"column":7}},"5":{"start":{"line":20,"column":4},"end":{"line":39,"column":5}},"6":{"start":{"line":21,"column":8},"end":{"line":21,"column":41}},"7":{"start":{"line":22,"column":8},"end":{"line":22,"column":33}},"8":{"start":{"line":23,"column":8},"end":{"line":23,"column":35}},"9":{"start":{"line":25,"column":8},"end":{"line":32,"column":11}},"10":{"start":{"line":35,"column":8},"end":{"line":38,"column":11}},"11":{"start":{"line":43,"column":4},"end":{"line":47,"column":7}},"12":{"start":{"line":52,"column":4},"end":{"line":55,"column":7}},"13":{"start":{"line":63,"column":4},"end":{"line":72,"column":7}},"14":{"start":{"line":75,"column":0},"end":{"line":82,"column":2}}},"fnMap":{"0":{"name":"getHome","decl":{"start":{"line":5,"column":9},"end":{"line":5,"column":16}},"loc":{"start":{"line":5,"column":27},"end":{"line":7,"column":1}},"line":5},"1":{"name":"getHealth","decl":{"start":{"line":9,"column":9},"end":{"line":9,"column":18}},"loc":{"start":{"line":9,"column":29},"end":{"line":17,"column":1}},"line":9},"2":{"name":"getReady","decl":{"start":{"line":19,"column":15},"end":{"line":19,"column":23}},"loc":{"start":{"line":19,"column":34},"end":{"line":40,"column":1}},"line":19},"3":{"name":"inspectRequest","decl":{"start":{"line":42,"column":9},"end":{"line":42,"column":23}},"loc":{"start":{"line":42,"column":34},"end":{"line":48,"column":1}},"line":42},"4":{"name":"inspectBody","decl":{"start":{"line":51,"column":9},"end":{"line":51,"column":20}},"loc":{"start":{"line":51,"column":31},"end":{"line":56,"column":1}},"line":51},"5":{"name":"getTopicDetails","decl":{"start":{"line":62,"column":9},"end":{"line":62,"column":24}},"loc":{"start":{"line":62,"column":35},"end":{"line":73,"column":1}},"line":62}},"branchMap":{"0":{"loc":{"start":{"line":14,"column":21},"end":{"line":14,"column":58}},"type":"binary-expr","locations":[{"start":{"line":14,"column":21},"end":{"line":14,"column":41}},{"start":{"line":14,"column":45},"end":{"line":14,"column":58}}],"line":14},"1":{"loc":{"start":{"line":68,"column":27},"end":{"line":68,"column":60}},"type":"binary-expr","locations":[{"start":{"line":68,"column":27},"end":{"line":68,"column":52}},{"start":{"line":68,"column":56},"end":{"line":68,"column":60}}],"line":68},"2":{"loc":{"start":{"line":69,"column":23},"end":{"line":69,"column":56}},"type":"binary-expr","locations":[{"start":{"line":69,"column":23},"end":{"line":69,"column":48}},{"start":{"line":69,"column":52},"end":{"line":69,"column":56}}],"line":69},"3":{"loc":{"start":{"line":70,"column":26},"end":{"line":70,"column":64}},"type":"binary-expr","locations":[{"start":{"line":70,"column":26},"end":{"line":70,"column":56}},{"start":{"line":70,"column":60},"end":{"line":70,"column":64}}],"line":70}},"s":{"0":1,"1":1,"2":1,"3":0,"4":1,"5":0,"6":0,"7":0,"8":0,"9":0,"10":0,"11":0,"12":0,"13":0,"14":1},"f":{"0":0,"1":1,"2":0,"3":0,"4":0,"5":0},"b":{"0":[1,0],"1":[0,0],"2":[0,0],"3":[0,0]},"_coverageSchema":"1a1c01bbd47fc00a2c39e90264f33305004495a9","hash":"cdfebf6706214d108b5ace0574f420621485139c"}
,"/Users/aasthasudan/roadmap-tracker/src/controllers/roadmapController.js": {"path":"/Users/aasthasudan/roadmap-tracker/src/controllers/roadmapController.js","statementMap":{"0":{"start":{"line":1,"column":23},"end":{"line":1,"column":60}},"1":{"start":{"line":5,"column":4},"end":{"line":18,"column":5}},"2":{"start":{"line":7,"column":12},"end":{"line":7,"column":49}},"3":{"start":{"line":9,"column":8},"end":{"line":13,"column":11}},"4":{"start":{"line":15,"column":8},"end":{"line":17,"column":11}},"5":{"start":{"line":23,"column":4},"end":{"line":35,"column":5}},"6":{"start":{"line":25,"column":12},"end":{"line":25,"column":56}},"7":{"start":{"line":27,"column":8},"end":{"line":30,"column":11}},"8":{"start":{"line":32,"column":8},"end":{"line":34,"column":11}},"9":{"start":{"line":40,"column":4},"end":{"line":55,"column":5}},"10":{"start":{"line":42,"column":12},"end":{"line":45,"column":13}},"11":{"start":{"line":47,"column":8},"end":{"line":50,"column":11}},"12":{"start":{"line":52,"column":8},"end":{"line":54,"column":11}},"13":{"start":{"line":60,"column":4},"end":{"line":74,"column":5}},"14":{"start":{"line":62,"column":12},"end":{"line":64,"column":13}},"15":{"start":{"line":66,"column":8},"end":{"line":69,"column":11}},"16":{"start":{"line":71,"column":8},"end":{"line":73,"column":11}},"17":{"start":{"line":77,"column":0},"end":{"line":82,"column":2}}},"fnMap":{"0":{"name":"getAllRoadmaps","decl":{"start":{"line":4,"column":15},"end":{"line":4,"column":29}},"loc":{"start":{"line":4,"column":40},"end":{"line":19,"column":1}},"line":4},"1":{"name":"createRoadmap","decl":{"start":{"line":22,"column":15},"end":{"line":22,"column":28}},"loc":{"start":{"line":22,"column":39},"end":{"line":36,"column":1}},"line":22},"2":{"name":"updateRoadmap","decl":{"start":{"line":39,"column":15},"end":{"line":39,"column":28}},"loc":{"start":{"line":39,"column":39},"end":{"line":56,"column":1}},"line":39},"3":{"name":"deleteRoadmap","decl":{"start":{"line":59,"column":15},"end":{"line":59,"column":28}},"loc":{"start":{"line":59,"column":39},"end":{"line":75,"column":1}},"line":59}},"branchMap":{},"s":{"0":2,"1":1,"2":1,"3":1,"4":0,"5":1,"6":1,"7":1,"8":0,"9":0,"10":0,"11":0,"12":0,"13":0,"14":0,"15":0,"16":0,"17":2},"f":{"0":1,"1":1,"2":0,"3":0},"b":{},"_coverageSchema":"1a1c01bbd47fc00a2c39e90264f33305004495a9","hash":"e579234a047df4c05d8580baf7b30d91f5e9967d"}
,"/Users/aasthasudan/roadmap-tracker/src/controllers/threadPoolController.js": {"path":"/Users/aasthasudan/roadmap-tracker/src/controllers/threadPoolController.js","statementMap":{"0":{"start":{"line":1,"column":15},"end":{"line":1,"column":32}},"1":{"start":{"line":5,"column":18},"end":{"line":5,"column":28}},"2":{"start":{"line":7,"column":4},"end":{"line":21,"column":5}},"3":{"start":{"line":7,"column":17},"end":{"line":7,"column":18}},"4":{"start":{"line":9,"column":8},"end":{"line":20,"column":10}},"5":{"start":{"line":16,"column":16},"end":{"line":18,"column":18}},"6":{"start":{"line":23,"column":4},"end":{"line":25,"column":7}},"7":{"start":{"line":28,"column":0},"end":{"line":30,"column":2}}},"fnMap":{"0":{"name":"threadPoolDemo","decl":{"start":{"line":3,"column":15},"end":{"line":3,"column":29}},"loc":{"start":{"line":3,"column":40},"end":{"line":26,"column":1}},"line":3},"1":{"name":"(anonymous_1)","decl":{"start":{"line":15,"column":12},"end":{"line":15,"column":13}},"loc":{"start":{"line":15,"column":18},"end":{"line":19,"column":13}},"line":15}},"branchMap":{},"s":{"0":1,"1":0,"2":0,"3":0,"4":0,"5":0,"6":0,"7":1},"f":{"0":0,"1":0},"b":{},"_coverageSchema":"1a1c01bbd47fc00a2c39e90264f33305004495a9","hash":"46bd47d793cff93f4ba4b0a226ea77942f276071"}
,"/Users/aasthasudan/roadmap-tracker/src/controllers/topicController.js": {"path":"/Users/aasthasudan/roadmap-tracker/src/controllers/topicController.js","statementMap":{"0":{"start":{"line":1,"column":21},"end":{"line":1,"column":56}},"1":{"start":{"line":2,"column":22},"end":{"line":2,"column":62}},"2":{"start":{"line":3,"column":20},"end":{"line":3,"column":46}},"3":{"start":{"line":4,"column":30},"end":{"line":4,"column":59}},"4":{"start":{"line":5,"column":34},"end":{"line":5,"column":71}},"5":{"start":{"line":6,"column":15},"end":{"line":6,"column":41}},"6":{"start":{"line":9,"column":4},"end":{"line":20,"column":5}},"7":{"start":{"line":10,"column":25},"end":{"line":10,"column":65}},"8":{"start":{"line":12,"column":8},"end":{"line":12,"column":38}},"9":{"start":{"line":14,"column":8},"end":{"line":17,"column":11}},"10":{"start":{"line":19,"column":8},"end":{"line":19,"column":20}},"11":{"start":{"line":24,"column":4},"end":{"line":64,"column":5}},"12":{"start":{"line":25,"column":25},"end":{"line":25,"column":63}},"13":{"start":{"line":28,"column":29},"end":{"line":28,"column":60}},"14":{"start":{"line":30,"column":8},"end":{"line":40,"column":9}},"15":{"start":{"line":31,"column":12},"end":{"line":31,"column":44}},"16":{"start":{"line":33,"column":27},"end":{"line":33,"column":51}},"17":{"start":{"line":35,"column":12},"end":{"line":39,"column":15}},"18":{"start":{"line":42,"column":8},"end":{"line":42,"column":41}},"19":{"start":{"line":44,"column":23},"end":{"line":44,"column":72}},"20":{"start":{"line":46,"column":8},"end":{"line":52,"column":10}},"21":{"start":{"line":54,"column":8},"end":{"line":54,"column":46}},"22":{"start":{"line":56,"column":8},"end":{"line":60,"column":11}},"23":{"start":{"line":63,"column":8},"end":{"line":63,"column":20}},"24":{"start":{"line":68,"column":4},"end":{"line":112,"column":5}},"25":{"start":{"line":70,"column":22},"end":{"line":70,"column":31}},"26":{"start":{"line":72,"column":25},"end":{"line":72,"column":52}},"27":{"start":{"line":75,"column":30},"end":{"line":75,"column":61}},"28":{"start":{"line":77,"column":8},"end":{"line":88,"column":9}},"29":{"start":{"line":79,"column":12},"end":{"line":79,"column":44}},"30":{"start":{"line":81,"column":28},"end":{"line":81,"column":53}},"31":{"start":{"line":83,"column":12},"end":{"line":87,"column":15}},"32":{"start":{"line":90,"column":8},"end":{"line":90,"column":41}},"33":{"start":{"line":92,"column":24},"end":{"line":92,"column":58}},"34":{"start":{"line":94,"column":8},"end":{"line":100,"column":10}},"35":{"start":{"line":102,"column":8},"end":{"line":102,"column":54}},"36":{"start":{"line":104,"column":8},"end":{"line":108,"column":11}},"37":{"start":{"line":111,"column":8},"end":{"line":111,"column":20}},"38":{"start":{"line":116,"column":4},"end":{"line":126,"column":5}},"39":{"start":{"line":117,"column":22},"end":{"line":117,"column":68}},"40":{"start":{"line":119,"column":8},"end":{"line":122,"column":11}},"41":{"start":{"line":125,"column":8},"end":{"line":125,"column":20}},"42":{"start":{"line":130,"column":4},"end":{"line":146,"column":5}},"43":{"start":{"line":132,"column":29},"end":{"line":135,"column":9}},"44":{"start":{"line":137,"column":8},"end":{"line":137,"column":38}},"45":{"start":{"line":139,"column":8},"end":{"line":142,"column":11}},"46":{"start":{"line":145,"column":8},"end":{"line":145,"column":20}},"47":{"start":{"line":150,"column":4},"end":{"line":163,"column":5}},"48":{"start":{"line":152,"column":29},"end":{"line":152,"column":74}},"49":{"start":{"line":154,"column":8},"end":{"line":154,"column":38}},"50":{"start":{"line":156,"column":8},"end":{"line":159,"column":11}},"51":{"start":{"line":162,"column":8},"end":{"line":162,"column":20}},"52":{"start":{"line":167,"column":4},"end":{"line":186,"column":5}},"53":{"start":{"line":169,"column":8},"end":{"line":169,"column":43}},"54":{"start":{"line":171,"column":22},"end":{"line":171,"column":68}},"55":{"start":{"line":173,"column":8},"end":{"line":173,"column":38}},"56":{"start":{"line":175,"column":24},"end":{"line":175,"column":74}},"57":{"start":{"line":177,"column":8},"end":{"line":182,"column":11}},"58":{"start":{"line":185,"column":8},"end":{"line":185,"column":20}},"59":{"start":{"line":189,"column":0},"end":{"line":197,"column":2}}},"fnMap":{"0":{"name":"createTopic","decl":{"start":{"line":8,"column":15},"end":{"line":8,"column":26}},"loc":{"start":{"line":8,"column":43},"end":{"line":21,"column":1}},"line":8},"1":{"name":"getTopics","decl":{"start":{"line":23,"column":15},"end":{"line":23,"column":24}},"loc":{"start":{"line":23,"column":41},"end":{"line":65,"column":1}},"line":23},"2":{"name":"searchTopics","decl":{"start":{"line":67,"column":15},"end":{"line":67,"column":27}},"loc":{"start":{"line":67,"column":44},"end":{"line":113,"column":1}},"line":67},"3":{"name":"getTopicById","decl":{"start":{"line":115,"column":15},"end":{"line":115,"column":27}},"loc":{"start":{"line":115,"column":44},"end":{"line":127,"column":1}},"line":115},"4":{"name":"updateTopic","decl":{"start":{"line":129,"column":15},"end":{"line":129,"column":26}},"loc":{"start":{"line":129,"column":43},"end":{"line":147,"column":1}},"line":129},"5":{"name":"deleteTopic","decl":{"start":{"line":149,"column":15},"end":{"line":149,"column":26}},"loc":{"start":{"line":149,"column":43},"end":{"line":164,"column":1}},"line":149},"6":{"name":"getRelatedCommits","decl":{"start":{"line":166,"column":15},"end":{"line":166,"column":32}},"loc":{"start":{"line":166,"column":49},"end":{"line":187,"column":1}},"line":166}},"branchMap":{"0":{"loc":{"start":{"line":30,"column":8},"end":{"line":40,"column":9}},"type":"if","locations":[{"start":{"line":30,"column":8},"end":{"line":40,"column":9}},{"start":{},"end":{}}],"line":30},"1":{"loc":{"start":{"line":77,"column":8},"end":{"line":88,"column":9}},"type":"if","locations":[{"start":{"line":77,"column":8},"end":{"line":88,"column":9}},{"start":{},"end":{}}],"line":77}},"s":{"0":1,"1":1,"2":1,"3":1,"4":1,"5":1,"6":0,"7":0,"8":0,"9":0,"10":0,"11":0,"12":0,"13":0,"14":0,"15":0,"16":0,"17":0,"18":0,"19":0,"20":0,"21":0,"22":0,"23":0,"24":0,"25":0,"26":0,"27":0,"28":0,"29":0,"30":0,"31":0,"32":0,"33":0,"34":0,"35":0,"36":0,"37":0,"38":0,"39":0,"40":0,"41":0,"42":0,"43":0,"44":0,"45":0,"46":0,"47":0,"48":0,"49":0,"50":0,"51":0,"52":0,"53":0,"54":0,"55":0,"56":0,"57":0,"58":0,"59":1},"f":{"0":0,"1":0,"2":0,"3":0,"4":0,"5":0,"6":0},"b":{"0":[0,0],"1":[0,0]},"_coverageSchema":"1a1c01bbd47fc00a2c39e90264f33305004495a9","hash":"33b1f7c44f9e12adab12f1f472b1c7c92e0264c2"}
,"/Users/aasthasudan/roadmap-tracker/src/controllers/uploadController.js": {"path":"/Users/aasthasudan/roadmap-tracker/src/controllers/uploadController.js","statementMap":{"0":{"start":{"line":1,"column":22},"end":{"line":1,"column":58}},"1":{"start":{"line":3,"column":19},"end":{"line":23,"column":1}},"2":{"start":{"line":4,"column":4},"end":{"line":22,"column":5}},"3":{"start":{"line":5,"column":8},"end":{"line":10,"column":9}},"4":{"start":{"line":6,"column":12},"end":{"line":9,"column":15}},"5":{"start":{"line":12,"column":29},"end":{"line":12,"column":75}},"6":{"start":{"line":14,"column":8},"end":{"line":18,"column":11}},"7":{"start":{"line":21,"column":8},"end":{"line":21,"column":20}},"8":{"start":{"line":25,"column":19},"end":{"line":37,"column":1}},"9":{"start":{"line":26,"column":4},"end":{"line":36,"column":5}},"10":{"start":{"line":27,"column":8},"end":{"line":27,"column":54}},"11":{"start":{"line":29,"column":8},"end":{"line":32,"column":11}},"12":{"start":{"line":35,"column":8},"end":{"line":35,"column":18}},"13":{"start":{"line":39,"column":0},"end":{"line":42,"column":2}}},"fnMap":{"0":{"name":"(anonymous_0)","decl":{"start":{"line":3,"column":19},"end":{"line":3,"column":20}},"loc":{"start":{"line":3,"column":45},"end":{"line":23,"column":1}},"line":3},"1":{"name":"(anonymous_1)","decl":{"start":{"line":25,"column":19},"end":{"line":25,"column":20}},"loc":{"start":{"line":25,"column":45},"end":{"line":37,"column":1}},"line":25}},"branchMap":{"0":{"loc":{"start":{"line":5,"column":8},"end":{"line":10,"column":9}},"type":"if","locations":[{"start":{"line":5,"column":8},"end":{"line":10,"column":9}},{"start":{},"end":{}}],"line":5}},"s":{"0":1,"1":1,"2":0,"3":0,"4":0,"5":0,"6":0,"7":0,"8":1,"9":0,"10":0,"11":0,"12":0,"13":1},"f":{"0":0,"1":0},"b":{"0":[0,0]},"_coverageSchema":"1a1c01bbd47fc00a2c39e90264f33305004495a9","hash":"c57cb1b894afd948afd73c4c84bf1ac5154157cf"}
,"/Users/aasthasudan/roadmap-tracker/src/middleware/authMiddleware.js": {"path":"/Users/aasthasudan/roadmap-tracker/src/middleware/authMiddleware.js","statementMap":{"0":{"start":{"line":1,"column":12},"end":{"line":1,"column":35}},"1":{"start":{"line":2,"column":15},"end":{"line":2,"column":39}},"2":{"start":{"line":3,"column":15},"end":{"line":3,"column":41}},"3":{"start":{"line":7,"column":23},"end":{"line":7,"column":48}},"4":{"start":{"line":9,"column":4},"end":{"line":13,"column":5}},"5":{"start":{"line":10,"column":8},"end":{"line":12,"column":11}},"6":{"start":{"line":15,"column":18},"end":{"line":15,"column":42}},"7":{"start":{"line":17,"column":4},"end":{"line":21,"column":5}},"8":{"start":{"line":18,"column":8},"end":{"line":20,"column":11}},"9":{"start":{"line":23,"column":4},"end":{"line":43,"column":5}},"10":{"start":{"line":24,"column":8},"end":{"line":24,"column":51}},"11":{"start":{"line":27,"column":29},"end":{"line":27,"column":64}},"12":{"start":{"line":29,"column":8},"end":{"line":29,"column":65}},"13":{"start":{"line":32,"column":8},"end":{"line":32,"column":32}},"14":{"start":{"line":34,"column":8},"end":{"line":34,"column":15}},"15":{"start":{"line":37,"column":8},"end":{"line":37,"column":46}},"16":{"start":{"line":38,"column":8},"end":{"line":38,"column":56}},"17":{"start":{"line":40,"column":8},"end":{"line":42,"column":11}},"18":{"start":{"line":46,"column":0},"end":{"line":46,"column":32}}},"fnMap":{"0":{"name":"authMiddleware","decl":{"start":{"line":6,"column":9},"end":{"line":6,"column":23}},"loc":{"start":{"line":6,"column":40},"end":{"line":44,"column":1}},"line":6}},"branchMap":{"0":{"loc":{"start":{"line":9,"column":4},"end":{"line":13,"column":5}},"type":"if","locations":[{"start":{"line":9,"column":4},"end":{"line":13,"column":5}},{"start":{},"end":{}}],"line":9},"1":{"loc":{"start":{"line":17,"column":4},"end":{"line":21,"column":5}},"type":"if","locations":[{"start":{"line":17,"column":4},"end":{"line":21,"column":5}},{"start":{},"end":{}}],"line":17}},"s":{"0":2,"1":2,"2":2,"3":3,"4":3,"5":1,"6":2,"7":2,"8":0,"9":2,"10":2,"11":2,"12":1,"13":1,"14":1,"15":1,"16":1,"17":1,"18":2},"f":{"0":3},"b":{"0":[1,2],"1":[0,2]},"_coverageSchema":"1a1c01bbd47fc00a2c39e90264f33305004495a9","hash":"09cff194e491efc7a547ece4896366ea8a8e691e"}
,"/Users/aasthasudan/roadmap-tracker/src/middleware/cacheMiddleware.js": {"path":"/Users/aasthasudan/roadmap-tracker/src/middleware/cacheMiddleware.js","statementMap":{"0":{"start":{"line":1,"column":20},"end":{"line":1,"column":46}},"1":{"start":{"line":2,"column":30},"end":{"line":2,"column":59}},"2":{"start":{"line":3,"column":15},"end":{"line":3,"column":41}},"3":{"start":{"line":6,"column":4},"end":{"line":34,"column":5}},"4":{"start":{"line":8,"column":25},"end":{"line":8,"column":63}},"5":{"start":{"line":9,"column":8},"end":{"line":9,"column":45}},"6":{"start":{"line":10,"column":27},"end":{"line":10,"column":58}},"7":{"start":{"line":12,"column":8},"end":{"line":22,"column":9}},"8":{"start":{"line":14,"column":12},"end":{"line":14,"column":37}},"9":{"start":{"line":16,"column":12},"end":{"line":21,"column":15}},"10":{"start":{"line":24,"column":8},"end":{"line":24,"column":34}},"11":{"start":{"line":27,"column":8},"end":{"line":27,"column":15}},"12":{"start":{"line":30,"column":8},"end":{"line":30,"column":44}},"13":{"start":{"line":33,"column":8},"end":{"line":33,"column":15}},"14":{"start":{"line":37,"column":0},"end":{"line":37,"column":33}}},"fnMap":{"0":{"name":"cacheMiddleware","decl":{"start":{"line":5,"column":15},"end":{"line":5,"column":30}},"loc":{"start":{"line":5,"column":47},"end":{"line":35,"column":1}},"line":5}},"branchMap":{"0":{"loc":{"start":{"line":12,"column":8},"end":{"line":22,"column":9}},"type":"if","locations":[{"start":{"line":12,"column":8},"end":{"line":22,"column":9}},{"start":{},"end":{}}],"line":12}},"s":{"0":1,"1":1,"2":1,"3":0,"4":0,"5":0,"6":0,"7":0,"8":0,"9":0,"10":0,"11":0,"12":0,"13":0,"14":1},"f":{"0":0},"b":{"0":[0,0]},"_coverageSchema":"1a1c01bbd47fc00a2c39e90264f33305004495a9","hash":"edd59acd3c323a7bf430686615fd8b7b1fc47aba"}
,"/Users/aasthasudan/roadmap-tracker/src/middleware/errorMiddleware.js": {"path":"/Users/aasthasudan/roadmap-tracker/src/middleware/errorMiddleware.js","statementMap":{"0":{"start":{"line":1,"column":15},"end":{"line":1,"column":41}},"1":{"start":{"line":4,"column":4},"end":{"line":10,"column":7}},"2":{"start":{"line":12,"column":4},"end":{"line":15,"column":7}},"3":{"start":{"line":18,"column":0},"end":{"line":18,"column":33}}},"fnMap":{"0":{"name":"errorMiddleware","decl":{"start":{"line":3,"column":9},"end":{"line":3,"column":24}},"loc":{"start":{"line":3,"column":48},"end":{"line":16,"column":1}},"line":3}},"branchMap":{"0":{"loc":{"start":{"line":9,"column":20},"end":{"line":9,"column":43}},"type":"binary-expr","locations":[{"start":{"line":9,"column":20},"end":{"line":9,"column":36}},{"start":{"line":9,"column":40},"end":{"line":9,"column":43}}],"line":9},"1":{"loc":{"start":{"line":12,"column":15},"end":{"line":12,"column":38}},"type":"binary-expr","locations":[{"start":{"line":12,"column":15},"end":{"line":12,"column":31}},{"start":{"line":12,"column":35},"end":{"line":12,"column":38}}],"line":12},"2":{"loc":{"start":{"line":14,"column":17},"end":{"line":14,"column":57}},"type":"binary-expr","locations":[{"start":{"line":14,"column":17},"end":{"line":14,"column":30}},{"start":{"line":14,"column":34},"end":{"line":14,"column":57}}],"line":14}},"s":{"0":2,"1":2,"2":2,"3":2},"f":{"0":2},"b":{"0":[2,1],"1":[2,1],"2":[2,0]},"_coverageSchema":"1a1c01bbd47fc00a2c39e90264f33305004495a9","hash":"6573c4f28c185d864a426f457e5e6e4d88e471d9"}
,"/Users/aasthasudan/roadmap-tracker/src/middleware/loggerMiddleware.js": {"path":"/Users/aasthasudan/roadmap-tracker/src/middleware/loggerMiddleware.js","statementMap":{"0":{"start":{"line":1,"column":15},"end":{"line":1,"column":41}},"1":{"start":{"line":4,"column":24},"end":{"line":4,"column":48}},"2":{"start":{"line":5,"column":4},"end":{"line":5,"column":69}},"3":{"start":{"line":7,"column":4},"end":{"line":7,"column":11}},"4":{"start":{"line":10,"column":0},"end":{"line":10,"column":34}}},"fnMap":{"0":{"name":"loggerMiddleware","decl":{"start":{"line":3,"column":9},"end":{"line":3,"column":25}},"loc":{"start":{"line":3,"column":42},"end":{"line":8,"column":1}},"line":3}},"branchMap":{},"s":{"0":1,"1":1,"2":1,"3":1,"4":1},"f":{"0":1},"b":{},"_coverageSchema":"1a1c01bbd47fc00a2c39e90264f33305004495a9","hash":"b41e0c5b8fc4417ea8d1dafc3b94fc42658f9dae"}
,"/Users/aasthasudan/roadmap-tracker/src/middleware/notFoundMiddleware.js": {"path":"/Users/aasthasudan/roadmap-tracker/src/middleware/notFoundMiddleware.js","statementMap":{"0":{"start":{"line":2,"column":4},"end":{"line":5,"column":7}},"1":{"start":{"line":8,"column":0},"end":{"line":8,"column":36}}},"fnMap":{"0":{"name":"notFoundMiddleware","decl":{"start":{"line":1,"column":9},"end":{"line":1,"column":27}},"loc":{"start":{"line":1,"column":44},"end":{"line":6,"column":1}},"line":1}},"branchMap":{},"s":{"0":0,"1":1},"f":{"0":0},"b":{},"_coverageSchema":"1a1c01bbd47fc00a2c39e90264f33305004495a9","hash":"ecd897425cc0e2bd00572c749657171badd42279"}
,"/Users/aasthasudan/roadmap-tracker/src/middleware/uploadMiddleware.js": {"path":"/Users/aasthasudan/roadmap-tracker/src/middleware/uploadMiddleware.js","statementMap":{"0":{"start":{"line":1,"column":15},"end":{"line":1,"column":32}},"1":{"start":{"line":2,"column":13},"end":{"line":2,"column":28}},"2":{"start":{"line":5,"column":16},"end":{"line":16,"column":2}},"3":{"start":{"line":7,"column":8},"end":{"line":7,"column":33}},"4":{"start":{"line":11,"column":29},"end":{"line":11,"column":79}},"5":{"start":{"line":12,"column":26},"end":{"line":12,"column":57}},"6":{"start":{"line":13,"column":8},"end":{"line":13,"column":48}},"7":{"start":{"line":19,"column":25},"end":{"line":24,"column":1}},"8":{"start":{"line":27,"column":19},"end":{"line":35,"column":1}},"9":{"start":{"line":29,"column":4},"end":{"line":31,"column":5}},"10":{"start":{"line":30,"column":8},"end":{"line":30,"column":57}},"11":{"start":{"line":33,"column":4},"end":{"line":33,"column":19}},"12":{"start":{"line":38,"column":15},"end":{"line":45,"column":2}},"13":{"start":{"line":47,"column":0},"end":{"line":47,"column":24}}},"fnMap":{"0":{"name":"(anonymous_0)","decl":{"start":{"line":6,"column":17},"end":{"line":6,"column":18}},"loc":{"start":{"line":6,"column":36},"end":{"line":8,"column":5}},"line":6},"1":{"name":"(anonymous_1)","decl":{"start":{"line":10,"column":14},"end":{"line":10,"column":15}},"loc":{"start":{"line":10,"column":33},"end":{"line":14,"column":5}},"line":10},"2":{"name":"(anonymous_2)","decl":{"start":{"line":27,"column":19},"end":{"line":27,"column":20}},"loc":{"start":{"line":27,"column":38},"end":{"line":35,"column":1}},"line":27}},"branchMap":{"0":{"loc":{"start":{"line":29,"column":4},"end":{"line":31,"column":5}},"type":"if","locations":[{"start":{"line":29,"column":4},"end":{"line":31,"column":5}},{"start":{},"end":{}}],"line":29}},"s":{"0":1,"1":1,"2":1,"3":0,"4":0,"5":0,"6":0,"7":1,"8":1,"9":0,"10":0,"11":0,"12":1,"13":1},"f":{"0":0,"1":0,"2":0},"b":{"0":[0,0]},"_coverageSchema":"1a1c01bbd47fc00a2c39e90264f33305004495a9","hash":"f3e053f723f40502011551fee5d9aeb54768319d"}
,"/Users/aasthasudan/roadmap-tracker/src/services/elasticsearchService.js": {"path":"/Users/aasthasudan/roadmap-tracker/src/services/elasticsearchService.js","statementMap":{"0":{"start":{"line":1,"column":15},"end":{"line":1,"column":49}},"1":{"start":{"line":2,"column":15},"end":{"line":2,"column":41}},"2":{"start":{"line":4,"column":19},"end":{"line":4,"column":27}},"3":{"start":{"line":8,"column":19},"end":{"line":10,"column":6}},"4":{"start":{"line":12,"column":4},"end":{"line":15,"column":5}},"5":{"start":{"line":13,"column":8},"end":{"line":13,"column":52}},"6":{"start":{"line":14,"column":8},"end":{"line":14,"column":15}},"7":{"start":{"line":17,"column":4},"end":{"line":19,"column":7}},"8":{"start":{"line":21,"column":4},"end":{"line":21,"column":54}},"9":{"start":{"line":26,"column":4},"end":{"line":37,"column":7}},"10":{"start":{"line":39,"column":4},"end":{"line":39,"column":56}},"11":{"start":{"line":41,"column":4},"end":{"line":41,"column":59}},"12":{"start":{"line":46,"column":21},"end":{"line":58,"column":6}},"13":{"start":{"line":60,"column":4},"end":{"line":60,"column":54}},"14":{"start":{"line":60,"column":41},"end":{"line":60,"column":52}},"15":{"start":{"line":65,"column":4},"end":{"line":76,"column":7}},"16":{"start":{"line":78,"column":4},"end":{"line":78,"column":56}},"17":{"start":{"line":80,"column":4},"end":{"line":80,"column":63}},"18":{"start":{"line":85,"column":4},"end":{"line":94,"column":5}},"19":{"start":{"line":86,"column":8},"end":{"line":89,"column":11}},"20":{"start":{"line":91,"column":8},"end":{"line":91,"column":63}},"21":{"start":{"line":93,"column":8},"end":{"line":93,"column":68}},"22":{"start":{"line":100,"column":19},"end":{"line":102,"column":6}},"23":{"start":{"line":104,"column":4},"end":{"line":104,"column":24}},"24":{"start":{"line":104,"column":17},"end":{"line":104,"column":24}},"25":{"start":{"line":106,"column":4},"end":{"line":108,"column":7}},"26":{"start":{"line":110,"column":4},"end":{"line":110,"column":41}},"27":{"start":{"line":113,"column":0},"end":{"line":120,"column":2}}},"fnMap":{"0":{"name":"createIndex","decl":{"start":{"line":7,"column":15},"end":{"line":7,"column":26}},"loc":{"start":{"line":7,"column":29},"end":{"line":22,"column":1}},"line":7},"1":{"name":"indexTopic","decl":{"start":{"line":25,"column":15},"end":{"line":25,"column":25}},"loc":{"start":{"line":25,"column":33},"end":{"line":42,"column":1}},"line":25},"2":{"name":"searchTopics","decl":{"start":{"line":45,"column":15},"end":{"line":45,"column":27}},"loc":{"start":{"line":45,"column":35},"end":{"line":61,"column":1}},"line":45},"3":{"name":"(anonymous_3)","decl":{"start":{"line":60,"column":34},"end":{"line":60,"column":35}},"loc":{"start":{"line":60,"column":41},"end":{"line":60,"column":52}},"line":60},"4":{"name":"updateTopic","decl":{"start":{"line":64,"column":15},"end":{"line":64,"column":26}},"loc":{"start":{"line":64,"column":34},"end":{"line":81,"column":1}},"line":64},"5":{"name":"deleteTopic","decl":{"start":{"line":84,"column":15},"end":{"line":84,"column":26}},"loc":{"start":{"line":84,"column":31},"end":{"line":95,"column":1}},"line":84},"6":{"name":"deleteIndex","decl":{"start":{"line":98,"column":15},"end":{"line":98,"column":26}},"loc":{"start":{"line":98,"column":29},"end":{"line":111,"column":1}},"line":98}},"branchMap":{"0":{"loc":{"start":{"line":12,"column":4},"end":{"line":15,"column":5}},"type":"if","locations":[{"start":{"line":12,"column":4},"end":{"line":15,"column":5}},{"start":{},"end":{}}],"line":12},"1":{"loc":{"start":{"line":104,"column":4},"end":{"line":104,"column":24}},"type":"if","locations":[{"start":{"line":104,"column":4},"end":{"line":104,"column":24}},{"start":{},"end":{}}],"line":104}},"s":{"0":1,"1":1,"2":1,"3":0,"4":0,"5":0,"6":0,"7":0,"8":0,"9":0,"10":0,"11":0,"12":0,"13":0,"14":0,"15":0,"16":0,"17":0,"18":0,"19":0,"20":0,"21":0,"22":0,"23":0,"24":0,"25":0,"26":0,"27":1},"f":{"0":0,"1":0,"2":0,"3":0,"4":0,"5":0,"6":0},"b":{"0":[0,0],"1":[0,0]},"_coverageSchema":"1a1c01bbd47fc00a2c39e90264f33305004495a9","hash":"d099f886665a37db21ae81988a02c4579bdc24ca"}
,"/Users/aasthasudan/roadmap-tracker/src/services/emailService.js": {"path":"/Users/aasthasudan/roadmap-tracker/src/services/emailService.js","statementMap":{"0":{"start":{"line":1,"column":20},"end":{"line":1,"column":45}},"1":{"start":{"line":2,"column":33},"end":{"line":2,"column":69}},"2":{"start":{"line":3,"column":15},"end":{"line":3,"column":39}},"3":{"start":{"line":4,"column":33},"end":{"line":4,"column":74}},"4":{"start":{"line":5,"column":15},"end":{"line":5,"column":41}},"5":{"start":{"line":8,"column":17},"end":{"line":13,"column":6}},"6":{"start":{"line":15,"column":4},"end":{"line":15,"column":38}},"7":{"start":{"line":17,"column":4},"end":{"line":17,"column":16}},"8":{"start":{"line":21,"column":17},"end":{"line":26,"column":6}},"9":{"start":{"line":28,"column":4},"end":{"line":28,"column":44}},"10":{"start":{"line":30,"column":4},"end":{"line":30,"column":16}},"11":{"start":{"line":33,"column":0},"end":{"line":36,"column":2}}},"fnMap":{"0":{"name":"sendWelcomeEmail","decl":{"start":{"line":7,"column":15},"end":{"line":7,"column":31}},"loc":{"start":{"line":7,"column":45},"end":{"line":18,"column":1}},"line":7},"1":{"name":"sendTopicCreatedEmail","decl":{"start":{"line":20,"column":15},"end":{"line":20,"column":36}},"loc":{"start":{"line":20,"column":62},"end":{"line":31,"column":1}},"line":20}},"branchMap":{},"s":{"0":1,"1":1,"2":1,"3":1,"4":1,"5":0,"6":0,"7":0,"8":0,"9":0,"10":0,"11":1},"f":{"0":0,"1":0},"b":{},"_coverageSchema":"1a1c01bbd47fc00a2c39e90264f33305004495a9","hash":"896c6dfb62b4a5d3dd34414707245f77b122281b"}
,"/Users/aasthasudan/roadmap-tracker/src/services/fileService.js": {"path":"/Users/aasthasudan/roadmap-tracker/src/services/fileService.js","statementMap":{"0":{"start":{"line":1,"column":15},"end":{"line":1,"column":42}},"1":{"start":{"line":3,"column":0},"end":{"line":7,"column":2}},"2":{"start":{"line":4,"column":4},"end":{"line":6,"column":7}}},"fnMap":{"0":{"name":"(anonymous_0)","decl":{"start":{"line":3,"column":23},"end":{"line":3,"column":24}},"loc":{"start":{"line":3,"column":39},"end":{"line":7,"column":1}},"line":3}},"branchMap":{},"s":{"0":0,"1":0,"2":0},"f":{"0":0},"b":{}}
,"/Users/aasthasudan/roadmap-tracker/src/services/roadmapService.js": {"path":"/Users/aasthasudan/roadmap-tracker/src/services/roadmapService.js","statementMap":{"0":{"start":{"line":1,"column":26},"end":{"line":1,"column":70}},"1":{"start":{"line":2,"column":20},"end":{"line":2,"column":46}},"2":{"start":{"line":3,"column":15},"end":{"line":3,"column":41}},"3":{"start":{"line":5,"column":26},"end":{"line":5,"column":36}},"4":{"start":{"line":6,"column":18},"end":{"line":6,"column":24}},"5":{"start":{"line":11,"column":27},"end":{"line":11,"column":67}},"6":{"start":{"line":13,"column":4},"end":{"line":16,"column":5}},"7":{"start":{"line":14,"column":8},"end":{"line":14,"column":33}},"8":{"start":{"line":15,"column":8},"end":{"line":15,"column":42}},"9":{"start":{"line":17,"column":4},"end":{"line":17,"column":30}},"10":{"start":{"line":20,"column":21},"end":{"line":20,"column":61}},"11":{"start":{"line":23,"column":4},"end":{"line":29,"column":6}},"12":{"start":{"line":31,"column":4},"end":{"line":31,"column":20}},"13":{"start":{"line":40,"column":8},"end":{"line":40,"column":12}},"14":{"start":{"line":43,"column":4},"end":{"line":45,"column":5}},"15":{"start":{"line":44,"column":8},"end":{"line":44,"column":45}},"16":{"start":{"line":47,"column":4},"end":{"line":49,"column":5}},"17":{"start":{"line":48,"column":8},"end":{"line":48,"column":50}},"18":{"start":{"line":51,"column":23},"end":{"line":51,"column":35}},"19":{"start":{"line":53,"column":4},"end":{"line":55,"column":5}},"20":{"start":{"line":54,"column":8},"end":{"line":54,"column":49}},"21":{"start":{"line":58,"column":27},"end":{"line":58,"column":29}},"22":{"start":{"line":60,"column":4},"end":{"line":66,"column":5}},"23":{"start":{"line":61,"column":8},"end":{"line":63,"column":9}},"24":{"start":{"line":62,"column":12},"end":{"line":62,"column":60}},"25":{"start":{"line":65,"column":8},"end":{"line":65,"column":46}},"26":{"start":{"line":69,"column":26},"end":{"line":69,"column":30}},"27":{"start":{"line":71,"column":4},"end":{"line":88,"column":5}},"28":{"start":{"line":72,"column":8},"end":{"line":79,"column":9}},"29":{"start":{"line":76,"column":12},"end":{"line":78,"column":14}},"30":{"start":{"line":81,"column":8},"end":{"line":85,"column":9}},"31":{"start":{"line":82,"column":12},"end":{"line":84,"column":14}},"32":{"start":{"line":87,"column":8},"end":{"line":87,"column":37}},"33":{"start":{"line":90,"column":20},"end":{"line":94,"column":6}},"34":{"start":{"line":97,"column":4},"end":{"line":97,"column":45}},"35":{"start":{"line":99,"column":4},"end":{"line":99,"column":19}},"36":{"start":{"line":104,"column":4},"end":{"line":117,"column":5}},"37":{"start":{"line":105,"column":24},"end":{"line":105,"column":71}},"38":{"start":{"line":108,"column":8},"end":{"line":108,"column":49}},"39":{"start":{"line":110,"column":8},"end":{"line":110,"column":23}},"40":{"start":{"line":113,"column":8},"end":{"line":115,"column":9}},"41":{"start":{"line":114,"column":12},"end":{"line":114,"column":49}},"42":{"start":{"line":116,"column":8},"end":{"line":116,"column":18}},"43":{"start":{"line":122,"column":4},"end":{"line":139,"column":5}},"44":{"start":{"line":123,"column":24},"end":{"line":123,"column":65}},"45":{"start":{"line":126,"column":8},"end":{"line":126,"column":49}},"46":{"start":{"line":128,"column":8},"end":{"line":128,"column":23}},"47":{"start":{"line":133,"column":8},"end":{"line":135,"column":9}},"48":{"start":{"line":134,"column":12},"end":{"line":134,"column":49}},"49":{"start":{"line":138,"column":8},"end":{"line":138,"column":18}},"50":{"start":{"line":142,"column":0},"end":{"line":147,"column":2}}},"fnMap":{"0":{"name":"getAllRoadmaps","decl":{"start":{"line":9,"column":15},"end":{"line":9,"column":29}},"loc":{"start":{"line":9,"column":32},"end":{"line":32,"column":1}},"line":9},"1":{"name":"createRoadmap","decl":{"start":{"line":35,"column":15},"end":{"line":35,"column":28}},"loc":{"start":{"line":35,"column":35},"end":{"line":100,"column":1}},"line":35},"2":{"name":"updateRoadmap","decl":{"start":{"line":103,"column":15},"end":{"line":103,"column":28}},"loc":{"start":{"line":103,"column":39},"end":{"line":118,"column":1}},"line":103},"3":{"name":"deleteRoadmap","decl":{"start":{"line":121,"column":15},"end":{"line":121,"column":28}},"loc":{"start":{"line":121,"column":33},"end":{"line":140,"column":1}},"line":121}},"branchMap":{"0":{"loc":{"start":{"line":13,"column":4},"end":{"line":16,"column":5}},"type":"if","locations":[{"start":{"line":13,"column":4},"end":{"line":16,"column":5}},{"start":{},"end":{}}],"line":13},"1":{"loc":{"start":{"line":43,"column":4},"end":{"line":45,"column":5}},"type":"if","locations":[{"start":{"line":43,"column":4},"end":{"line":45,"column":5}},{"start":{},"end":{}}],"line":43},"2":{"loc":{"start":{"line":47,"column":4},"end":{"line":49,"column":5}},"type":"if","locations":[{"start":{"line":47,"column":4},"end":{"line":49,"column":5}},{"start":{},"end":{}}],"line":47},"3":{"loc":{"start":{"line":53,"column":4},"end":{"line":55,"column":5}},"type":"if","locations":[{"start":{"line":53,"column":4},"end":{"line":55,"column":5}},{"start":{},"end":{}}],"line":53},"4":{"loc":{"start":{"line":60,"column":4},"end":{"line":66,"column":5}},"type":"if","locations":[{"start":{"line":60,"column":4},"end":{"line":66,"column":5}},{"start":{},"end":{}}],"line":60},"5":{"loc":{"start":{"line":61,"column":8},"end":{"line":63,"column":9}},"type":"if","locations":[{"start":{"line":61,"column":8},"end":{"line":63,"column":9}},{"start":{},"end":{}}],"line":61},"6":{"loc":{"start":{"line":71,"column":4},"end":{"line":88,"column":5}},"type":"if","locations":[{"start":{"line":71,"column":4},"end":{"line":88,"column":5}},{"start":{},"end":{}}],"line":71},"7":{"loc":{"start":{"line":72,"column":8},"end":{"line":79,"column":9}},"type":"if","locations":[{"start":{"line":72,"column":8},"end":{"line":79,"column":9}},{"start":{},"end":{}}],"line":72},"8":{"loc":{"start":{"line":73,"column":12},"end":{"line":74,"column":41}},"type":"binary-expr","locations":[{"start":{"line":73,"column":12},"end":{"line":73,"column":42}},{"start":{"line":74,"column":12},"end":{"line":74,"column":41}}],"line":73},"9":{"loc":{"start":{"line":81,"column":8},"end":{"line":85,"column":9}},"type":"if","locations":[{"start":{"line":81,"column":8},"end":{"line":85,"column":9}},{"start":{},"end":{}}],"line":81},"10":{"loc":{"start":{"line":81,"column":12},"end":{"line":81,"column":44}},"type":"binary-expr","locations":[{"start":{"line":81,"column":12},"end":{"line":81,"column":26}},{"start":{"line":81,"column":30},"end":{"line":81,"column":44}}],"line":81},"11":{"loc":{"start":{"line":113,"column":8},"end":{"line":115,"column":9}},"type":"if","locations":[{"start":{"line":113,"column":8},"end":{"line":115,"column":9}},{"start":{},"end":{}}],"line":113},"12":{"loc":{"start":{"line":133,"column":8},"end":{"line":135,"column":9}},"type":"if","locations":[{"start":{"line":133,"column":8},"end":{"line":135,"column":9}},{"start":{},"end":{}}],"line":133}},"s":{"0":3,"1":3,"2":3,"3":3,"4":3,"5":0,"6":0,"7":0,"8":0,"9":0,"10":0,"11":0,"12":0,"13":5,"14":5,"15":1,"16":4,"17":1,"18":3,"19":3,"20":1,"21":2,"22":2,"23":1,"24":0,"25":1,"26":2,"27":2,"28":2,"29":0,"30":2,"31":1,"32":1,"33":1,"34":1,"35":1,"36":0,"37":0,"38":0,"39":0,"40":0,"41":0,"42":0,"43":0,"44":0,"45":0,"46":0,"47":0,"48":0,"49":0,"50":3},"f":{"0":0,"1":5,"2":0,"3":0},"b":{"0":[0,0],"1":[1,4],"2":[1,3],"3":[1,2],"4":[1,1],"5":[0,1],"6":[2,0],"7":[0,2],"8":[2,2],"9":[1,1],"10":[2,2],"11":[0,0],"12":[0,0]},"_coverageSchema":"1a1c01bbd47fc00a2c39e90264f33305004495a9","hash":"89289e87a398be9ccb35f27a38b00c2c62f62d78"}
,"/Users/aasthasudan/roadmap-tracker/src/services/topicService.js": {"path":"/Users/aasthasudan/roadmap-tracker/src/services/topicService.js","statementMap":{"0":{"start":{"line":1,"column":15},"end":{"line":1,"column":42}},"1":{"start":{"line":2,"column":24},"end":{"line":2,"column":66}},"2":{"start":{"line":3,"column":29},"end":{"line":3,"column":62}},"3":{"start":{"line":4,"column":15},"end":{"line":4,"column":41}},"4":{"start":{"line":6,"column":31},"end":{"line":10,"column":1}},"5":{"start":{"line":21,"column":8},"end":{"line":21,"column":12}},"6":{"start":{"line":23,"column":20},"end":{"line":23,"column":22}},"7":{"start":{"line":28,"column":4},"end":{"line":58,"column":5}},"8":{"start":{"line":30,"column":8},"end":{"line":35,"column":9}},"9":{"start":{"line":31,"column":12},"end":{"line":34,"column":14}},"10":{"start":{"line":38,"column":8},"end":{"line":43,"column":9}},"11":{"start":{"line":39,"column":12},"end":{"line":42,"column":14}},"12":{"start":{"line":46,"column":27},"end":{"line":46,"column":39}},"13":{"start":{"line":49,"column":8},"end":{"line":54,"column":9}},"14":{"start":{"line":50,"column":12},"end":{"line":53,"column":14}},"15":{"start":{"line":57,"column":8},"end":{"line":57,"column":35}},"16":{"start":{"line":62,"column":4},"end":{"line":104,"column":5}},"17":{"start":{"line":64,"column":8},"end":{"line":70,"column":9}},"18":{"start":{"line":66,"column":12},"end":{"line":69,"column":14}},"19":{"start":{"line":73,"column":8},"end":{"line":83,"column":9}},"20":{"start":{"line":79,"column":12},"end":{"line":82,"column":14}},"21":{"start":{"line":87,"column":12},"end":{"line":91,"column":14}},"22":{"start":{"line":94,"column":8},"end":{"line":100,"column":9}},"23":{"start":{"line":96,"column":12},"end":{"line":99,"column":14}},"24":{"start":{"line":103,"column":8},"end":{"line":103,"column":38}},"25":{"start":{"line":108,"column":4},"end":{"line":129,"column":5}},"26":{"start":{"line":110,"column":8},"end":{"line":115,"column":9}},"27":{"start":{"line":111,"column":12},"end":{"line":114,"column":14}},"28":{"start":{"line":117,"column":8},"end":{"line":126,"column":9}},"29":{"start":{"line":122,"column":12},"end":{"line":125,"column":14}},"30":{"start":{"line":128,"column":8},"end":{"line":128,"column":38}},"31":{"start":{"line":133,"column":4},"end":{"line":163,"column":5}},"32":{"start":{"line":135,"column":8},"end":{"line":141,"column":9}},"33":{"start":{"line":137,"column":12},"end":{"line":140,"column":14}},"34":{"start":{"line":144,"column":12},"end":{"line":144,"column":39}},"35":{"start":{"line":147,"column":8},"end":{"line":154,"column":9}},"36":{"start":{"line":149,"column":12},"end":{"line":153,"column":14}},"37":{"start":{"line":157,"column":8},"end":{"line":157,"column":37}},"38":{"start":{"line":160,"column":9},"end":{"line":163,"column":5}},"39":{"start":{"line":162,"column":8},"end":{"line":162,"column":39}},"40":{"start":{"line":167,"column":4},"end":{"line":185,"column":5}},"41":{"start":{"line":169,"column":8},"end":{"line":175,"column":9}},"42":{"start":{"line":171,"column":12},"end":{"line":174,"column":14}},"43":{"start":{"line":178,"column":8},"end":{"line":179,"column":31}},"44":{"start":{"line":182,"column":9},"end":{"line":185,"column":5}},"45":{"start":{"line":184,"column":8},"end":{"line":184,"column":35}},"46":{"start":{"line":189,"column":4},"end":{"line":198,"column":5}},"47":{"start":{"line":194,"column":8},"end":{"line":197,"column":10}},"48":{"start":{"line":200,"column":4},"end":{"line":200,"column":19}},"49":{"start":{"line":208,"column":8},"end":{"line":211,"column":9}},"50":{"start":{"line":213,"column":18},"end":{"line":213,"column":57}},"51":{"start":{"line":215,"column":4},"end":{"line":215,"column":49}},"52":{"start":{"line":217,"column":4},"end":{"line":217,"column":17}},"53":{"start":{"line":224,"column":4},"end":{"line":227,"column":5}},"54":{"start":{"line":226,"column":8},"end":{"line":226,"column":46}},"55":{"start":{"line":231,"column":8},"end":{"line":231,"column":30}},"56":{"start":{"line":235,"column":4},"end":{"line":241,"column":5}},"57":{"start":{"line":237,"column":8},"end":{"line":240,"column":10}},"58":{"start":{"line":244,"column":4},"end":{"line":246,"column":6}},"59":{"start":{"line":251,"column":4},"end":{"line":256,"column":5}},"60":{"start":{"line":252,"column":8},"end":{"line":255,"column":10}},"61":{"start":{"line":258,"column":4},"end":{"line":258,"column":58}},"62":{"start":{"line":266,"column":4},"end":{"line":266,"column":36}},"63":{"start":{"line":268,"column":20},"end":{"line":268,"column":30}},"64":{"start":{"line":270,"column":4},"end":{"line":270,"column":42}},"65":{"start":{"line":272,"column":4},"end":{"line":278,"column":5}},"66":{"start":{"line":274,"column":8},"end":{"line":277,"column":10}},"67":{"start":{"line":281,"column":8},"end":{"line":281,"column":51}},"68":{"start":{"line":283,"column":4},"end":{"line":283,"column":41}},"69":{"start":{"line":285,"column":4},"end":{"line":290,"column":5}},"70":{"start":{"line":286,"column":8},"end":{"line":289,"column":10}},"71":{"start":{"line":293,"column":4},"end":{"line":293,"column":17}},"72":{"start":{"line":300,"column":20},"end":{"line":300,"column":30}},"73":{"start":{"line":303,"column":21},"end":{"line":303,"column":64}},"74":{"start":{"line":305,"column":4},"end":{"line":311,"column":5}},"75":{"start":{"line":307,"column":8},"end":{"line":310,"column":10}},"76":{"start":{"line":313,"column":20},"end":{"line":313,"column":68}},"77":{"start":{"line":315,"column":25},"end":{"line":315,"column":76}},"78":{"start":{"line":317,"column":4},"end":{"line":317,"column":57}},"79":{"start":{"line":319,"column":4},"end":{"line":319,"column":24}},"80":{"start":{"line":326,"column":20},"end":{"line":326,"column":30}},"81":{"start":{"line":328,"column":4},"end":{"line":349,"column":5}},"82":{"start":{"line":330,"column":29},"end":{"line":330,"column":71}},"83":{"start":{"line":332,"column":8},"end":{"line":332,"column":56}},"84":{"start":{"line":334,"column":8},"end":{"line":334,"column":28}},"85":{"start":{"line":339,"column":8},"end":{"line":345,"column":9}},"86":{"start":{"line":341,"column":12},"end":{"line":344,"column":14}},"87":{"start":{"line":348,"column":8},"end":{"line":348,"column":20}},"88":{"start":{"line":352,"column":0},"end":{"line":359,"column":2}}},"fnMap":{"0":{"name":"validateAndNormalizeTopicInput","decl":{"start":{"line":12,"column":15},"end":{"line":12,"column":45}},"loc":{"start":{"line":12,"column":70},"end":{"line":201,"column":1}},"line":12},"1":{"name":"createTopic","decl":{"start":{"line":205,"column":15},"end":{"line":205,"column":26}},"loc":{"start":{"line":205,"column":33},"end":{"line":218,"column":1}},"line":205},"2":{"name":"getTopics","decl":{"start":{"line":222,"column":15},"end":{"line":222,"column":24}},"loc":{"start":{"line":222,"column":41},"end":{"line":247,"column":1}},"line":222},"3":{"name":"searchTopics","decl":{"start":{"line":249,"column":15},"end":{"line":249,"column":27}},"loc":{"start":{"line":249,"column":35},"end":{"line":260,"column":1}},"line":249},"4":{"name":"getTopicById","decl":{"start":{"line":264,"column":15},"end":{"line":264,"column":27}},"loc":{"start":{"line":264,"column":32},"end":{"line":294,"column":1}},"line":264},"5":{"name":"updateTopic","decl":{"start":{"line":298,"column":15},"end":{"line":298,"column":26}},"loc":{"start":{"line":298,"column":37},"end":{"line":320,"column":1}},"line":298},"6":{"name":"deleteTopic","decl":{"start":{"line":324,"column":15},"end":{"line":324,"column":26}},"loc":{"start":{"line":324,"column":31},"end":{"line":350,"column":1}},"line":324}},"branchMap":{"0":{"loc":{"start":{"line":12,"column":52},"end":{"line":12,"column":68}},"type":"default-arg","locations":[{"start":{"line":12,"column":63},"end":{"line":12,"column":68}}],"line":12},"1":{"loc":{"start":{"line":28,"column":4},"end":{"line":58,"column":5}},"type":"if","locations":[{"start":{"line":28,"column":4},"end":{"line":58,"column":5}},{"start":{},"end":{}}],"line":28},"2":{"loc":{"start":{"line":28,"column":8},"end":{"line":28,"column":40}},"type":"binary-expr","locations":[{"start":{"line":28,"column":8},"end":{"line":28,"column":17}},{"start":{"line":28,"column":21},"end":{"line":28,"column":40}}],"line":28},"3":{"loc":{"start":{"line":30,"column":8},"end":{"line":35,"column":9}},"type":"if","locations":[{"start":{"line":30,"column":8},"end":{"line":35,"column":9}},{"start":{},"end":{}}],"line":30},"4":{"loc":{"start":{"line":38,"column":8},"end":{"line":43,"column":9}},"type":"if","locations":[{"start":{"line":38,"column":8},"end":{"line":43,"column":9}},{"start":{},"end":{}}],"line":38},"5":{"loc":{"start":{"line":49,"column":8},"end":{"line":54,"column":9}},"type":"if","locations":[{"start":{"line":49,"column":8},"end":{"line":54,"column":9}},{"start":{},"end":{}}],"line":49},"6":{"loc":{"start":{"line":62,"column":4},"end":{"line":104,"column":5}},"type":"if","locations":[{"start":{"line":62,"column":4},"end":{"line":104,"column":5}},{"start":{},"end":{}}],"line":62},"7":{"loc":{"start":{"line":62,"column":8},"end":{"line":62,"column":44}},"type":"binary-expr","locations":[{"start":{"line":62,"column":8},"end":{"line":62,"column":17}},{"start":{"line":62,"column":21},"end":{"line":62,"column":44}}],"line":62},"8":{"loc":{"start":{"line":64,"column":8},"end":{"line":70,"column":9}},"type":"if","locations":[{"start":{"line":64,"column":8},"end":{"line":70,"column":9}},{"start":{},"end":{}}],"line":64},"9":{"loc":{"start":{"line":73,"column":8},"end":{"line":83,"column":9}},"type":"if","locations":[{"start":{"line":73,"column":8},"end":{"line":83,"column":9}},{"start":{},"end":{}}],"line":73},"10":{"loc":{"start":{"line":74,"column":12},"end":{"line":76,"column":26}},"type":"binary-expr","locations":[{"start":{"line":74,"column":12},"end":{"line":74,"column":41}},{"start":{"line":75,"column":12},"end":{"line":75,"column":40}},{"start":{"line":76,"column":12},"end":{"line":76,"column":26}}],"line":74},"11":{"loc":{"start":{"line":94,"column":8},"end":{"line":100,"column":9}},"type":"if","locations":[{"start":{"line":94,"column":8},"end":{"line":100,"column":9}},{"start":{},"end":{}}],"line":94},"12":{"loc":{"start":{"line":108,"column":4},"end":{"line":129,"column":5}},"type":"if","locations":[{"start":{"line":108,"column":4},"end":{"line":129,"column":5}},{"start":{},"end":{}}],"line":108},"13":{"loc":{"start":{"line":108,"column":8},"end":{"line":108,"column":44}},"type":"binary-expr","locations":[{"start":{"line":108,"column":8},"end":{"line":108,"column":17}},{"start":{"line":108,"column":21},"end":{"line":108,"column":44}}],"line":108},"14":{"loc":{"start":{"line":110,"column":8},"end":{"line":115,"column":9}},"type":"if","locations":[{"start":{"line":110,"column":8},"end":{"line":115,"column":9}},{"start":{},"end":{}}],"line":110},"15":{"loc":{"start":{"line":117,"column":8},"end":{"line":126,"column":9}},"type":"if","locations":[{"start":{"line":117,"column":8},"end":{"line":126,"column":9}},{"start":{},"end":{}}],"line":117},"16":{"loc":{"start":{"line":118,"column":12},"end":{"line":120,"column":26}},"type":"binary-expr","locations":[{"start":{"line":118,"column":12},"end":{"line":118,"column":41}},{"start":{"line":119,"column":12},"end":{"line":119,"column":40}},{"start":{"line":120,"column":12},"end":{"line":120,"column":26}}],"line":118},"17":{"loc":{"start":{"line":133,"column":4},"end":{"line":163,"column":5}},"type":"if","locations":[{"start":{"line":133,"column":4},"end":{"line":163,"column":5}},{"start":{"line":160,"column":9},"end":{"line":163,"column":5}}],"line":133},"18":{"loc":{"start":{"line":135,"column":8},"end":{"line":141,"column":9}},"type":"if","locations":[{"start":{"line":135,"column":8},"end":{"line":141,"column":9}},{"start":{},"end":{}}],"line":135},"19":{"loc":{"start":{"line":147,"column":8},"end":{"line":154,"column":9}},"type":"if","locations":[{"start":{"line":147,"column":8},"end":{"line":154,"column":9}},{"start":{},"end":{}}],"line":147},"20":{"loc":{"start":{"line":160,"column":9},"end":{"line":163,"column":5}},"type":"if","locations":[{"start":{"line":160,"column":9},"end":{"line":163,"column":5}},{"start":{},"end":{}}],"line":160},"21":{"loc":{"start":{"line":167,"column":4},"end":{"line":185,"column":5}},"type":"if","locations":[{"start":{"line":167,"column":4},"end":{"line":185,"column":5}},{"start":{"line":182,"column":9},"end":{"line":185,"column":5}}],"line":167},"22":{"loc":{"start":{"line":169,"column":8},"end":{"line":175,"column":9}},"type":"if","locations":[{"start":{"line":169,"column":8},"end":{"line":175,"column":9}},{"start":{},"end":{}}],"line":169},"23":{"loc":{"start":{"line":182,"column":9},"end":{"line":185,"column":5}},"type":"if","locations":[{"start":{"line":182,"column":9},"end":{"line":185,"column":5}},{"start":{},"end":{}}],"line":182},"24":{"loc":{"start":{"line":189,"column":4},"end":{"line":198,"column":5}},"type":"if","locations":[{"start":{"line":189,"column":4},"end":{"line":198,"column":5}},{"start":{},"end":{}}],"line":189},"25":{"loc":{"start":{"line":190,"column":8},"end":{"line":191,"column":28}},"type":"binary-expr","locations":[{"start":{"line":190,"column":8},"end":{"line":190,"column":34}},{"start":{"line":191,"column":8},"end":{"line":191,"column":28}}],"line":190},"26":{"loc":{"start":{"line":224,"column":4},"end":{"line":227,"column":5}},"type":"if","locations":[{"start":{"line":224,"column":4},"end":{"line":227,"column":5}},{"start":{},"end":{}}],"line":224},"27":{"loc":{"start":{"line":235,"column":4},"end":{"line":241,"column":5}},"type":"if","locations":[{"start":{"line":235,"column":4},"end":{"line":241,"column":5}},{"start":{},"end":{}}],"line":235},"28":{"loc":{"start":{"line":251,"column":4},"end":{"line":256,"column":5}},"type":"if","locations":[{"start":{"line":251,"column":4},"end":{"line":256,"column":5}},{"start":{},"end":{}}],"line":251},"29":{"loc":{"start":{"line":272,"column":4},"end":{"line":278,"column":5}},"type":"if","locations":[{"start":{"line":272,"column":4},"end":{"line":278,"column":5}},{"start":{},"end":{}}],"line":272},"30":{"loc":{"start":{"line":285,"column":4},"end":{"line":290,"column":5}},"type":"if","locations":[{"start":{"line":285,"column":4},"end":{"line":290,"column":5}},{"start":{},"end":{}}],"line":285},"31":{"loc":{"start":{"line":305,"column":4},"end":{"line":311,"column":5}},"type":"if","locations":[{"start":{"line":305,"column":4},"end":{"line":311,"column":5}},{"start":{},"end":{}}],"line":305},"32":{"loc":{"start":{"line":339,"column":8},"end":{"line":345,"column":9}},"type":"if","locations":[{"start":{"line":339,"column":8},"end":{"line":345,"column":9}},{"start":{},"end":{}}],"line":339}},"s":{"0":1,"1":1,"2":1,"3":1,"4":1,"5":0,"6":0,"7":0,"8":0,"9":0,"10":0,"11":0,"12":0,"13":0,"14":0,"15":0,"16":0,"17":0,"18":0,"19":0,"20":0,"21":0,"22":0,"23":0,"24":0,"25":0,"26":0,"27":0,"28":0,"29":0,"30":0,"31":0,"32":0,"33":0,"34":0,"35":0,"36":0,"37":0,"38":0,"39":0,"40":0,"41":0,"42":0,"43":0,"44":0,"45":0,"46":0,"47":0,"48":0,"49":0,"50":0,"51":0,"52":0,"53":0,"54":0,"55":0,"56":0,"57":0,"58":0,"59":0,"60":0,"61":0,"62":0,"63":0,"64":0,"65":0,"66":0,"67":0,"68":0,"69":0,"70":0,"71":0,"72":0,"73":0,"74":0,"75":0,"76":0,"77":0,"78":0,"79":0,"80":0,"81":0,"82":0,"83":0,"84":0,"85":0,"86":0,"87":0,"88":1},"f":{"0":0,"1":0,"2":0,"3":0,"4":0,"5":0,"6":0},"b":{"0":[0],"1":[0,0],"2":[0,0],"3":[0,0],"4":[0,0],"5":[0,0],"6":[0,0],"7":[0,0],"8":[0,0],"9":[0,0],"10":[0,0,0],"11":[0,0],"12":[0,0],"13":[0,0],"14":[0,0],"15":[0,0],"16":[0,0,0],"17":[0,0],"18":[0,0],"19":[0,0],"20":[0,0],"21":[0,0],"22":[0,0],"23":[0,0],"24":[0,0],"25":[0,0],"26":[0,0],"27":[0,0],"28":[0,0],"29":[0,0],"30":[0,0],"31":[0,0],"32":[0,0]},"_coverageSchema":"1a1c01bbd47fc00a2c39e90264f33305004495a9","hash":"57a7c3f426fca1bd2aa33f92b21aa503692894cf"}
,"/Users/aasthasudan/roadmap-tracker/src/services/uploadService.js": {"path":"/Users/aasthasudan/roadmap-tracker/src/services/uploadService.js","statementMap":{"0":{"start":{"line":1,"column":15},"end":{"line":1,"column":42}},"1":{"start":{"line":2,"column":11},"end":{"line":2,"column":33}},"2":{"start":{"line":4,"column":25},"end":{"line":15,"column":1}},"3":{"start":{"line":5,"column":25},"end":{"line":13,"column":6}},"4":{"start":{"line":14,"column":4},"end":{"line":14,"column":24}},"5":{"start":{"line":17,"column":19},"end":{"line":39,"column":1}},"6":{"start":{"line":19,"column":17},"end":{"line":23,"column":6}},"7":{"start":{"line":25,"column":4},"end":{"line":27,"column":5}},"8":{"start":{"line":26,"column":8},"end":{"line":26,"column":42}},"9":{"start":{"line":30,"column":4},"end":{"line":30,"column":31}},"10":{"start":{"line":33,"column":4},"end":{"line":37,"column":7}},"11":{"start":{"line":38,"column":4},"end":{"line":38,"column":16}},"12":{"start":{"line":41,"column":0},"end":{"line":44,"column":2}}},"fnMap":{"0":{"name":"(anonymous_0)","decl":{"start":{"line":4,"column":25},"end":{"line":4,"column":26}},"loc":{"start":{"line":4,"column":41},"end":{"line":15,"column":1}},"line":4},"1":{"name":"(anonymous_1)","decl":{"start":{"line":17,"column":19},"end":{"line":17,"column":20}},"loc":{"start":{"line":17,"column":33},"end":{"line":39,"column":1}},"line":17}},"branchMap":{"0":{"loc":{"start":{"line":25,"column":4},"end":{"line":27,"column":5}},"type":"if","locations":[{"start":{"line":25,"column":4},"end":{"line":27,"column":5}},{"start":{},"end":{}}],"line":25}},"s":{"0":1,"1":1,"2":1,"3":0,"4":0,"5":1,"6":0,"7":0,"8":0,"9":0,"10":0,"11":0,"12":1},"f":{"0":0,"1":0},"b":{"0":[0,0]},"_coverageSchema":"1a1c01bbd47fc00a2c39e90264f33305004495a9","hash":"5f255de4eb0591b25c2b6a2e1231fb192b8288e1"}
}
