TN:
SF:src/controllers/authController.js
FN:15,signup
FN:88,(anonymous_1)
FN:161,login
FN:195,(anonymous_3)
FN:239,githubAuthRedirect
FN:249,githubCallback
FN:303,(anonymous_6)
FN:360,getProfile
FNF:8
FNH:0
FNDA:0,signup
FNDA:0,(anonymous_1)
FNDA:0,login
FNDA:0,(anonymous_3)
FNDA:0,githubAuthRedirect
FNDA:0,githubCallback
FNDA:0,(anonymous_6)
FNDA:0,getProfile
DA:1,1
DA:2,1
DA:3,1
DA:4,1
DA:5,1
DA:6,1
DA:8,1
DA:10,1
DA:11,1
DA:12,1
DA:16,0
DA:17,0
DA:20,0
DA:21,0
DA:26,0
DA:27,0
DA:32,0
DA:34,0
DA:35,0
DA:41,0
DA:42,0
DA:47,0
DA:48,0
DA:53,0
DA:55,0
DA:56,0
DA:62,0
DA:63,0
DA:69,0
DA:70,0
DA:75,0
DA:76,0
DA:81,0
DA:82,0
DA:88,0
DA:90,0
DA:91,0
DA:97,0
DA:100,0
DA:108,0
DA:111,0
DA:112,0
DA:136,0
DA:139,0
DA:140,0
DA:143,0
DA:153,0
DA:162,0
DA:163,0
DA:166,0
DA:167,0
DA:173,0
DA:174,0
DA:180,0
DA:182,0
DA:183,0
DA:188,0
DA:189,0
DA:195,0
DA:197,0
DA:198,0
DA:204,0
DA:206,0
DA:207,0
DA:213,0
DA:224,0
DA:226,0
DA:231,0
DA:241,0
DA:245,0
DA:250,0
DA:252,0
DA:253,0
DA:258,0
DA:260,0
DA:274,0
DA:276,0
DA:277,0
DA:284,0
DA:290,0
DA:302,0
DA:304,0
DA:307,0
DA:309,0
DA:322,0
DA:325,0
DA:329,0
DA:341,0
DA:352,0
DA:361,0
DA:367,1
LF:91
LH:11
BRDA:20,0,0,0
BRDA:20,0,1,0
BRDA:26,1,0,0
BRDA:26,1,1,0
BRDA:34,2,0,0
BRDA:34,2,1,0
BRDA:41,3,0,0
BRDA:41,3,1,0
BRDA:47,4,0,0
BRDA:47,4,1,0
BRDA:55,5,0,0
BRDA:55,5,1,0
BRDA:62,6,0,0
BRDA:62,6,1,0
BRDA:62,7,0,0
BRDA:62,7,1,0
BRDA:69,8,0,0
BRDA:69,8,1,0
BRDA:75,9,0,0
BRDA:75,9,1,0
BRDA:81,10,0,0
BRDA:81,10,1,0
BRDA:90,11,0,0
BRDA:90,11,1,0
BRDA:166,12,0,0
BRDA:166,12,1,0
BRDA:166,13,0,0
BRDA:166,13,1,0
BRDA:173,14,0,0
BRDA:173,14,1,0
BRDA:173,15,0,0
BRDA:173,15,1,0
BRDA:182,16,0,0
BRDA:182,16,1,0
BRDA:188,17,0,0
BRDA:188,17,1,0
BRDA:197,18,0,0
BRDA:197,18,1,0
BRDA:206,19,0,0
BRDA:206,19,1,0
BRDA:252,20,0,0
BRDA:252,20,1,0
BRDA:276,21,0,0
BRDA:276,21,1,0
BRDA:304,22,0,0
BRDA:304,22,1,0
BRDA:307,23,0,0
BRDA:307,23,1,0
BRDA:311,24,0,0
BRDA:311,24,1,0
BRDA:354,25,0,0
BRDA:354,25,1,0
BRF:52
BRH:0
end_of_record
TN:
SF:src/controllers/concurrencyController.js
FN:4,blockingTask
FN:22,workerTask
FN:28,(anonymous_2)
FN:32,(anonymous_3)
FNF:4
FNH:0
FNDA:0,blockingTask
FNDA:0,workerTask
FNDA:0,(anonymous_2)
FNDA:0,(anonymous_3)
DA:1,1
DA:2,1
DA:5,0
DA:7,0
DA:10,0
DA:11,0
DA:14,0
DA:16,0
DA:24,0
DA:28,0
DA:29,0
DA:32,0
DA:33,0
DA:39,1
LF:14
LH:3
BRF:0
BRH:0
end_of_record
TN:
SF:src/controllers/emailController.js
FN:4,sendTestEmail
FN:24,sendTopicEmail
FNF:2
FNH:0
FNDA:0,sendTestEmail
FNDA:0,sendTopicEmail
DA:1,1
DA:2,1
DA:5,0
DA:7,0
DA:12,0
DA:20,0
DA:25,0
DA:27,0
DA:33,0
DA:41,0
DA:45,1
LF:11
LH:3
BRF:0
BRH:0
end_of_record
TN:
SF:src/controllers/fsController.js
FN:4,syncRead
FN:20,asyncRead
FNF:2
FNH:0
FNDA:0,syncRead
FNDA:0,asyncRead
DA:1,1
DA:2,1
DA:6,0
DA:8,0
DA:9,0
DA:14,0
DA:22,0
DA:24,0
DA:26,0
DA:27,0
DA:34,0
DA:36,0
DA:42,1
LF:13
LH:3
BRF:0
BRH:0
end_of_record
TN:
SF:src/controllers/githubController.js
FN:7,getGithubRepos
FN:23,(anonymous_1)
FNF:2
FNH:0
FNDA:0,getGithubRepos
FNDA:0,(anonymous_1)
DA:1,1
DA:8,0
DA:10,0
DA:11,0
DA:16,0
DA:17,0
DA:23,0
DA:32,0
DA:40,0
DA:41,0
DA:46,0
DA:53,1
LF:12
LH:2
BRDA:10,0,0,0
BRDA:10,0,1,0
BRDA:40,1,0,0
BRDA:40,1,1,0
BRDA:48,2,0,0
BRDA:48,2,1,0
BRF:6
BRH:0
end_of_record
TN:
SF:src/controllers/healthController.js
FN:5,getHome
FN:9,getHealth
FN:19,getReady
FN:42,inspectRequest
FN:51,inspectBody
FN:62,getTopicDetails
FNF:6
FNH:1
FNDA:0,getHome
FNDA:1,getHealth
FNDA:0,getReady
FNDA:0,inspectRequest
FNDA:0,inspectBody
FNDA:0,getTopicDetails
DA:1,1
DA:2,1
DA:3,1
DA:6,0
DA:10,1
DA:20,0
DA:21,0
DA:22,0
DA:23,0
DA:25,0
DA:35,0
DA:43,0
DA:52,0
DA:63,0
DA:75,1
LF:15
LH:5
BRDA:14,0,0,1
BRDA:14,0,1,0
BRDA:68,1,0,0
BRDA:68,1,1,0
BRDA:69,2,0,0
BRDA:69,2,1,0
BRDA:70,3,0,0
BRDA:70,3,1,0
BRF:8
BRH:1
end_of_record
TN:
SF:src/controllers/roadmapController.js
FN:4,getAllRoadmaps
FN:22,createRoadmap
FN:39,updateRoadmap
FN:59,deleteRoadmap
FNF:4
FNH:2
FNDA:1,getAllRoadmaps
FNDA:1,createRoadmap
FNDA:0,updateRoadmap
FNDA:0,deleteRoadmap
DA:1,2
DA:5,1
DA:7,1
DA:9,1
DA:15,0
DA:23,1
DA:25,1
DA:27,1
DA:32,0
DA:40,0
DA:42,0
DA:47,0
DA:52,0
DA:60,0
DA:62,0
DA:66,0
DA:71,0
DA:77,2
LF:18
LH:8
BRF:0
BRH:0
end_of_record
TN:
SF:src/controllers/threadPoolController.js
FN:3,threadPoolDemo
FN:15,(anonymous_1)
FNF:2
FNH:0
FNDA:0,threadPoolDemo
FNDA:0,(anonymous_1)
DA:1,1
DA:5,0
DA:7,0
DA:9,0
DA:16,0
DA:23,0
DA:28,1
LF:7
LH:2
BRF:0
BRH:0
end_of_record
TN:
SF:src/controllers/topicController.js
FN:8,createTopic
FN:23,getTopics
FN:67,searchTopics
FN:115,getTopicById
FN:129,updateTopic
FN:149,deleteTopic
FN:166,getRelatedCommits
FNF:7
FNH:0
FNDA:0,createTopic
FNDA:0,getTopics
FNDA:0,searchTopics
FNDA:0,getTopicById
FNDA:0,updateTopic
FNDA:0,deleteTopic
FNDA:0,getRelatedCommits
DA:1,1
DA:2,1
DA:3,1
DA:4,1
DA:5,1
DA:6,1
DA:9,0
DA:10,0
DA:12,0
DA:14,0
DA:19,0
DA:24,0
DA:25,0
DA:28,0
DA:30,0
DA:31,0
DA:33,0
DA:35,0
DA:42,0
DA:44,0
DA:46,0
DA:54,0
DA:56,0
DA:63,0
DA:68,0
DA:70,0
DA:72,0
DA:75,0
DA:77,0
DA:79,0
DA:81,0
DA:83,0
DA:90,0
DA:92,0
DA:94,0
DA:102,0
DA:104,0
DA:111,0
DA:116,0
DA:117,0
DA:119,0
DA:125,0
DA:130,0
DA:132,0
DA:137,0
DA:139,0
DA:145,0
DA:150,0
DA:152,0
DA:154,0
DA:156,0
DA:162,0
DA:167,0
DA:169,0
DA:171,0
DA:173,0
DA:175,0
DA:177,0
DA:185,0
DA:189,1
LF:60
LH:7
BRDA:30,0,0,0
BRDA:30,0,1,0
BRDA:77,1,0,0
BRDA:77,1,1,0
BRF:4
BRH:0
end_of_record
TN:
SF:src/controllers/uploadController.js
FN:3,(anonymous_0)
FN:25,(anonymous_1)
FNF:2
FNH:0
FNDA:0,(anonymous_0)
FNDA:0,(anonymous_1)
DA:1,1
DA:3,1
DA:4,0
DA:5,0
DA:6,0
DA:12,0
DA:14,0
DA:21,0
DA:25,1
DA:26,0
DA:27,0
DA:29,0
DA:35,0
DA:39,1
LF:14
LH:4
BRDA:5,0,0,0
BRDA:5,0,1,0
BRF:2
BRH:0
end_of_record
TN:
SF:src/middleware/authMiddleware.js
FN:6,authMiddleware
FNF:1
FNH:1
FNDA:3,authMiddleware
DA:1,2
DA:2,2
DA:3,2
DA:7,3
DA:9,3
DA:10,1
DA:15,2
DA:17,2
DA:18,0
DA:23,2
DA:24,2
DA:27,2
DA:29,1
DA:32,1
DA:34,1
DA:37,1
DA:38,1
DA:40,1
DA:46,2
LF:19
LH:18
BRDA:9,0,0,1
BRDA:9,0,1,2
BRDA:17,1,0,0
BRDA:17,1,1,2
BRF:4
BRH:3
end_of_record
TN:
SF:src/middleware/cacheMiddleware.js
FN:5,cacheMiddleware
FNF:1
FNH:0
FNDA:0,cacheMiddleware
DA:1,1
DA:2,1
DA:3,1
DA:6,0
DA:8,0
DA:9,0
DA:10,0
DA:12,0
DA:14,0
DA:16,0
DA:24,0
DA:27,0
DA:30,0
DA:33,0
DA:37,1
LF:15
LH:4
BRDA:12,0,0,0
BRDA:12,0,1,0
BRF:2
BRH:0
end_of_record
TN:
SF:src/middleware/errorMiddleware.js
FN:3,errorMiddleware
FNF:1
FNH:1
FNDA:2,errorMiddleware
DA:1,2
DA:4,2
DA:12,2
DA:18,2
LF:4
LH:4
BRDA:9,0,0,2
BRDA:9,0,1,1
BRDA:12,1,0,2
BRDA:12,1,1,1
BRDA:14,2,0,2
BRDA:14,2,1,0
BRF:6
BRH:5
end_of_record
TN:
SF:src/middleware/loggerMiddleware.js
FN:3,loggerMiddleware
FNF:1
FNH:1
FNDA:1,loggerMiddleware
DA:1,1
DA:4,1
DA:5,1
DA:7,1
DA:10,1
LF:5
LH:5
BRF:0
BRH:0
end_of_record
TN:
SF:src/middleware/notFoundMiddleware.js
FN:1,notFoundMiddleware
FNF:1
FNH:0
FNDA:0,notFoundMiddleware
DA:2,0
DA:8,1
LF:2
LH:1
BRF:0
BRH:0
end_of_record
TN:
SF:src/middleware/uploadMiddleware.js
FN:6,(anonymous_0)
FN:10,(anonymous_1)
FN:27,(anonymous_2)
FNF:3
FNH:0
FNDA:0,(anonymous_0)
FNDA:0,(anonymous_1)
FNDA:0,(anonymous_2)
DA:1,1
DA:2,1
DA:5,1
DA:7,0
DA:11,0
DA:12,0
DA:13,0
DA:19,1
DA:27,1
DA:29,0
DA:30,0
DA:33,0
DA:38,1
DA:47,1
LF:14
LH:7
BRDA:29,0,0,0
BRDA:29,0,1,0
BRF:2
BRH:0
end_of_record
TN:
SF:src/services/elasticsearchService.js
FN:7,createIndex
FN:25,indexTopic
FN:45,searchTopics
FN:60,(anonymous_3)
FN:64,updateTopic
FN:84,deleteTopic
FN:98,deleteIndex
FNF:7
FNH:0
FNDA:0,createIndex
FNDA:0,indexTopic
FNDA:0,searchTopics
FNDA:0,(anonymous_3)
FNDA:0,updateTopic
FNDA:0,deleteTopic
FNDA:0,deleteIndex
DA:1,1
DA:2,1
DA:4,1
DA:8,0
DA:12,0
DA:13,0
DA:14,0
DA:17,0
DA:21,0
DA:26,0
DA:39,0
DA:41,0
DA:46,0
DA:60,0
DA:65,0
DA:78,0
DA:80,0
DA:85,0
DA:86,0
DA:91,0
DA:93,0
DA:100,0
DA:104,0
DA:106,0
DA:110,0
DA:113,1
LF:26
LH:4
BRDA:12,0,0,0
BRDA:12,0,1,0
BRDA:104,1,0,0
BRDA:104,1,1,0
BRF:4
BRH:0
end_of_record
TN:
SF:src/services/emailService.js
FN:7,sendWelcomeEmail
FN:20,sendTopicCreatedEmail
FNF:2
FNH:0
FNDA:0,sendWelcomeEmail
FNDA:0,sendTopicCreatedEmail
DA:1,1
DA:2,1
DA:3,1
DA:4,1
DA:5,1
DA:8,0
DA:15,0
DA:17,0
DA:21,0
DA:28,0
DA:30,0
DA:33,1
LF:12
LH:6
BRF:0
BRH:0
end_of_record
TN:
SF:src/services/fileService.js
FN:3,(anonymous_0)
FNF:1
FNH:0
FNDA:0,(anonymous_0)
DA:1,0
DA:3,0
DA:4,0
LF:3
LH:0
BRF:0
BRH:0
end_of_record
TN:
SF:src/services/roadmapService.js
FN:9,getAllRoadmaps
FN:35,createRoadmap
FN:103,updateRoadmap
FN:121,deleteRoadmap
FNF:4
FNH:1
FNDA:0,getAllRoadmaps
FNDA:5,createRoadmap
FNDA:0,updateRoadmap
FNDA:0,deleteRoadmap
DA:1,3
DA:2,3
DA:3,3
DA:5,3
DA:6,3
DA:11,0
DA:13,0
DA:14,0
DA:15,0
DA:17,0
DA:20,0
DA:23,0
DA:31,0
DA:40,5
DA:43,5
DA:44,1
DA:47,4
DA:48,1
DA:51,3
DA:53,3
DA:54,1
DA:58,2
DA:60,2
DA:61,1
DA:62,0
DA:65,1
DA:69,2
DA:71,2
DA:72,2
DA:76,0
DA:81,2
DA:82,1
DA:87,1
DA:90,1
DA:97,1
DA:99,1
DA:104,0
DA:105,0
DA:108,0
DA:110,0
DA:113,0
DA:114,0
DA:116,0
DA:122,0
DA:123,0
DA:126,0
DA:128,0
DA:133,0
DA:134,0
DA:138,0
DA:142,3
LF:51
LH:27
BRDA:13,0,0,0
BRDA:13,0,1,0
BRDA:43,1,0,1
BRDA:43,1,1,4
BRDA:47,2,0,1
BRDA:47,2,1,3
BRDA:53,3,0,1
BRDA:53,3,1,2
BRDA:60,4,0,1
BRDA:60,4,1,1
BRDA:61,5,0,0
BRDA:61,5,1,1
BRDA:71,6,0,2
BRDA:71,6,1,0
BRDA:72,7,0,0
BRDA:72,7,1,2
BRDA:73,8,0,2
BRDA:73,8,1,2
BRDA:81,9,0,1
BRDA:81,9,1,1
BRDA:81,10,0,2
BRDA:81,10,1,2
BRDA:113,11,0,0
BRDA:113,11,1,0
BRDA:133,12,0,0
BRDA:133,12,1,0
BRF:26
BRH:17
end_of_record
TN:
SF:src/services/topicService.js
FN:12,validateAndNormalizeTopicInput
FN:205,createTopic
FN:222,getTopics
FN:249,searchTopics
FN:264,getTopicById
FN:298,updateTopic
FN:324,deleteTopic
FNF:7
FNH:0
FNDA:0,validateAndNormalizeTopicInput
FNDA:0,createTopic
FNDA:0,getTopics
FNDA:0,searchTopics
FNDA:0,getTopicById
FNDA:0,updateTopic
FNDA:0,deleteTopic
DA:1,1
DA:2,1
DA:3,1
DA:4,1
DA:6,1
DA:21,0
DA:23,0
DA:28,0
DA:30,0
DA:31,0
DA:38,0
DA:39,0
DA:46,0
DA:49,0
DA:50,0
DA:57,0
DA:62,0
DA:64,0
DA:66,0
DA:73,0
DA:79,0
DA:87,0
DA:94,0
DA:96,0
DA:103,0
DA:108,0
DA:110,0
DA:111,0
DA:117,0
DA:122,0
DA:128,0
DA:133,0
DA:135,0
DA:137,0
DA:144,0
DA:147,0
DA:149,0
DA:157,0
DA:160,0
DA:162,0
DA:167,0
DA:169,0
DA:171,0
DA:178,0
DA:182,0
DA:184,0
DA:189,0
DA:194,0
DA:200,0
DA:208,0
DA:213,0
DA:215,0
DA:217,0
DA:224,0
DA:226,0
DA:231,0
DA:235,0
DA:237,0
DA:244,0
DA:251,0
DA:252,0
DA:258,0
DA:266,0
DA:268,0
DA:270,0
DA:272,0
DA:274,0
DA:281,0
DA:283,0
DA:285,0
DA:286,0
DA:293,0
DA:300,0
DA:303,0
DA:305,0
DA:307,0
DA:313,0
DA:315,0
DA:317,0
DA:319,0
DA:326,0
DA:328,0
DA:330,0
DA:332,0
DA:334,0
DA:339,0
DA:341,0
DA:348,0
DA:352,1
LF:89
LH:6
BRDA:12,0,0,0
BRDA:28,1,0,0
BRDA:28,1,1,0
BRDA:28,2,0,0
BRDA:28,2,1,0
BRDA:30,3,0,0
BRDA:30,3,1,0
BRDA:38,4,0,0
BRDA:38,4,1,0
BRDA:49,5,0,0
BRDA:49,5,1,0
BRDA:62,6,0,0
BRDA:62,6,1,0
BRDA:62,7,0,0
BRDA:62,7,1,0
BRDA:64,8,0,0
BRDA:64,8,1,0
BRDA:73,9,0,0
BRDA:73,9,1,0
BRDA:74,10,0,0
BRDA:74,10,1,0
BRDA:74,10,2,0
BRDA:94,11,0,0
BRDA:94,11,1,0
BRDA:108,12,0,0
BRDA:108,12,1,0
BRDA:108,13,0,0
BRDA:108,13,1,0
BRDA:110,14,0,0
BRDA:110,14,1,0
BRDA:117,15,0,0
BRDA:117,15,1,0
BRDA:118,16,0,0
BRDA:118,16,1,0
BRDA:118,16,2,0
BRDA:133,17,0,0
BRDA:133,17,1,0
BRDA:135,18,0,0
BRDA:135,18,1,0
BRDA:147,19,0,0
BRDA:147,19,1,0
BRDA:160,20,0,0
BRDA:160,20,1,0
BRDA:167,21,0,0
BRDA:167,21,1,0
BRDA:169,22,0,0
BRDA:169,22,1,0
BRDA:182,23,0,0
BRDA:182,23,1,0
BRDA:189,24,0,0
BRDA:189,24,1,0
BRDA:190,25,0,0
BRDA:190,25,1,0
BRDA:224,26,0,0
BRDA:224,26,1,0
BRDA:235,27,0,0
BRDA:235,27,1,0
BRDA:251,28,0,0
BRDA:251,28,1,0
BRDA:272,29,0,0
BRDA:272,29,1,0
BRDA:285,30,0,0
BRDA:285,30,1,0
BRDA:305,31,0,0
BRDA:305,31,1,0
BRDA:339,32,0,0
BRDA:339,32,1,0
BRF:67
BRH:0
end_of_record
TN:
SF:src/services/uploadService.js
FN:4,(anonymous_0)
FN:17,(anonymous_1)
FNF:2
FNH:0
FNDA:0,(anonymous_0)
FNDA:0,(anonymous_1)
DA:1,1
DA:2,1
DA:4,1
DA:5,0
DA:14,0
DA:17,1
DA:19,0
DA:25,0
DA:26,0
DA:30,0
DA:33,0
DA:38,0
DA:41,1
LF:13
LH:5
BRDA:25,0,0,0
BRDA:25,0,1,0
BRF:2
BRH:0
end_of_record
